{"/home/nomade/git/NomadeBot_TTV/index.js": {"path":"/home/nomade/git/NomadeBot_TTV/index.js","statementMap":{"0":{"start":{"line":5,"column":0},"end":{"line":5,"column":27}},"1":{"start":{"line":6,"column":12},"end":{"line":6,"column":29}},"2":{"start":{"line":7,"column":15},"end":{"line":7,"column":41}},"3":{"start":{"line":9,"column":23},"end":{"line":9,"column":44}},"4":{"start":{"line":10,"column":15},"end":{"line":10,"column":40}},"5":{"start":{"line":11,"column":17},"end":{"line":11,"column":45}},"6":{"start":{"line":12,"column":18},"end":{"line":12,"column":45}},"7":{"start":{"line":13,"column":18},"end":{"line":13,"column":45}},"8":{"start":{"line":14,"column":14},"end":{"line":14,"column":37}},"9":{"start":{"line":17,"column":24},"end":{"line":17,"column":81}},"10":{"start":{"line":18,"column":0},"end":{"line":23,"column":1}},"11":{"start":{"line":19,"column":2},"end":{"line":22,"column":3}},"12":{"start":{"line":20,"column":4},"end":{"line":20,"column":73}},"13":{"start":{"line":21,"column":4},"end":{"line":21,"column":20}},"14":{"start":{"line":26,"column":15},"end":{"line":37,"column":2}},"15":{"start":{"line":40,"column":0},"end":{"line":43,"column":72}},"16":{"start":{"line":42,"column":14},"end":{"line":42,"column":52}},"17":{"start":{"line":43,"column":18},"end":{"line":43,"column":70}},"18":{"start":{"line":46,"column":0},"end":{"line":55,"column":3}},"19":{"start":{"line":47,"column":2},"end":{"line":47,"column":86}},"20":{"start":{"line":48,"column":2},"end":{"line":48,"column":54}},"21":{"start":{"line":51,"column":2},"end":{"line":54,"column":43}},"22":{"start":{"line":52,"column":4},"end":{"line":52,"column":54}},"23":{"start":{"line":53,"column":4},"end":{"line":53,"column":71}},"24":{"start":{"line":58,"column":0},"end":{"line":73,"column":3}},"25":{"start":{"line":60,"column":2},"end":{"line":63,"column":3}},"26":{"start":{"line":61,"column":4},"end":{"line":61,"column":53}},"27":{"start":{"line":62,"column":4},"end":{"line":62,"column":11}},"28":{"start":{"line":66,"column":2},"end":{"line":66,"column":61}},"29":{"start":{"line":69,"column":2},"end":{"line":72,"column":3}},"30":{"start":{"line":70,"column":4},"end":{"line":70,"column":72}},"31":{"start":{"line":71,"column":4},"end":{"line":71,"column":71}},"32":{"start":{"line":76,"column":0},"end":{"line":78,"column":3}},"33":{"start":{"line":77,"column":2},"end":{"line":77,"column":41}},"34":{"start":{"line":81,"column":0},"end":{"line":83,"column":3}},"35":{"start":{"line":82,"column":2},"end":{"line":82,"column":49}},"36":{"start":{"line":86,"column":0},"end":{"line":86,"column":26}},"37":{"start":{"line":87,"column":0},"end":{"line":87,"column":26}},"38":{"start":{"line":88,"column":0},"end":{"line":88,"column":22}},"39":{"start":{"line":91,"column":0},"end":{"line":93,"column":3}},"40":{"start":{"line":92,"column":2},"end":{"line":92,"column":43}},"41":{"start":{"line":95,"column":0},"end":{"line":97,"column":3}},"42":{"start":{"line":96,"column":2},"end":{"line":96,"column":54}},"43":{"start":{"line":99,"column":0},"end":{"line":99,"column":46}}},"fnMap":{"0":{"name":"(anonymous_0)","decl":{"start":{"line":42,"column":8},"end":{"line":42,"column":9}},"loc":{"start":{"line":42,"column":14},"end":{"line":42,"column":52}},"line":42},"1":{"name":"(anonymous_1)","decl":{"start":{"line":43,"column":9},"end":{"line":43,"column":10}},"loc":{"start":{"line":43,"column":18},"end":{"line":43,"column":70}},"line":43},"2":{"name":"(anonymous_2)","decl":{"start":{"line":46,"column":23},"end":{"line":46,"column":24}},"loc":{"start":{"line":46,"column":29},"end":{"line":55,"column":1}},"line":46},"3":{"name":"(anonymous_3)","decl":{"start":{"line":51,"column":13},"end":{"line":51,"column":14}},"loc":{"start":{"line":51,"column":19},"end":{"line":54,"column":3}},"line":51},"4":{"name":"(anonymous_4)","decl":{"start":{"line":58,"column":21},"end":{"line":58,"column":22}},"loc":{"start":{"line":58,"column":60},"end":{"line":73,"column":1}},"line":58},"5":{"name":"(anonymous_5)","decl":{"start":{"line":76,"column":23},"end":{"line":76,"column":24}},"loc":{"start":{"line":76,"column":29},"end":{"line":78,"column":1}},"line":76},"6":{"name":"(anonymous_6)","decl":{"start":{"line":81,"column":26},"end":{"line":81,"column":27}},"loc":{"start":{"line":81,"column":38},"end":{"line":83,"column":1}},"line":81},"7":{"name":"(anonymous_7)","decl":{"start":{"line":91,"column":32},"end":{"line":91,"column":33}},"loc":{"start":{"line":91,"column":43},"end":{"line":93,"column":1}},"line":91},"8":{"name":"(anonymous_8)","decl":{"start":{"line":95,"column":33},"end":{"line":95,"column":34}},"loc":{"start":{"line":95,"column":54},"end":{"line":97,"column":1}},"line":95}},"branchMap":{"0":{"loc":{"start":{"line":19,"column":2},"end":{"line":22,"column":3}},"type":"if","locations":[{"start":{"line":19,"column":2},"end":{"line":22,"column":3}},{"start":{},"end":{}}],"line":19},"1":{"loc":{"start":{"line":60,"column":2},"end":{"line":63,"column":3}},"type":"if","locations":[{"start":{"line":60,"column":2},"end":{"line":63,"column":3}},{"start":{},"end":{}}],"line":60},"2":{"loc":{"start":{"line":60,"column":6},"end":{"line":60,"column":96}},"type":"binary-expr","locations":[{"start":{"line":60,"column":6},"end":{"line":60,"column":10}},{"start":{"line":60,"column":14},"end":{"line":60,"column":96}}],"line":60},"3":{"loc":{"start":{"line":69,"column":2},"end":{"line":72,"column":3}},"type":"if","locations":[{"start":{"line":69,"column":2},"end":{"line":72,"column":3}},{"start":{},"end":{}}],"line":69}},"s":{"0":1,"1":1,"2":1,"3":1,"4":1,"5":1,"6":1,"7":1,"8":1,"9":1,"10":1,"11":3,"12":0,"13":0,"14":1,"15":1,"16":1,"17":0,"18":1,"19":0,"20":0,"21":0,"22":0,"23":0,"24":1,"25":2,"26":1,"27":1,"28":1,"29":1,"30":1,"31":1,"32":1,"33":0,"34":1,"35":0,"36":1,"37":1,"38":1,"39":1,"40":0,"41":1,"42":0,"43":1},"f":{"0":1,"1":0,"2":0,"3":0,"4":2,"5":0,"6":0,"7":0,"8":0},"b":{"0":[0,3],"1":[1,1],"2":[2,1],"3":[1,0]},"_coverageSchema":"1a1c01bbd47fc00a2c39e90264f33305004495a9","hash":"bda86eec9fc0582b2e9e56fd10110d9b955ef468"}
,"/home/nomade/git/NomadeBot_TTV/commands/basic.js": {"path":"/home/nomade/git/NomadeBot_TTV/commands/basic.js","statementMap":{"0":{"start":{"line":4,"column":15},"end":{"line":4,"column":42}},"1":{"start":{"line":5,"column":21},"end":{"line":5,"column":53}},"2":{"start":{"line":11,"column":2},"end":{"line":15,"column":4}},"3":{"start":{"line":22,"column":2},"end":{"line":26,"column":4}},"4":{"start":{"line":33,"column":15},"end":{"line":33,"column":48}},"5":{"start":{"line":34,"column":2},"end":{"line":38,"column":4}},"6":{"start":{"line":45,"column":2},"end":{"line":49,"column":4}},"7":{"start":{"line":52,"column":0},"end":{"line":57,"column":2}}},"fnMap":{"0":{"name":"help","decl":{"start":{"line":10,"column":9},"end":{"line":10,"column":13}},"loc":{"start":{"line":10,"column":42},"end":{"line":16,"column":1}},"line":10},"1":{"name":"hello","decl":{"start":{"line":21,"column":9},"end":{"line":21,"column":14}},"loc":{"start":{"line":21,"column":43},"end":{"line":27,"column":1}},"line":21},"2":{"name":"dice","decl":{"start":{"line":32,"column":9},"end":{"line":32,"column":13}},"loc":{"start":{"line":32,"column":42},"end":{"line":39,"column":1}},"line":32},"3":{"name":"info","decl":{"start":{"line":44,"column":9},"end":{"line":44,"column":13}},"loc":{"start":{"line":44,"column":42},"end":{"line":50,"column":1}},"line":44}},"branchMap":{},"s":{"0":1,"1":1,"2":1,"3":1,"4":1,"5":1,"6":1,"7":1},"f":{"0":1,"1":1,"2":1,"3":1},"b":{},"_coverageSchema":"1a1c01bbd47fc00a2c39e90264f33305004495a9","hash":"e3e8b4b797e5fe32f9e97c39aa4183e0ce4a1836"}
,"/home/nomade/git/NomadeBot_TTV/commands/gift.js": {"path":"/home/nomade/git/NomadeBot_TTV/commands/gift.js","statementMap":{"0":{"start":{"line":4,"column":18},"end":{"line":4,"column":46}},"1":{"start":{"line":5,"column":14},"end":{"line":5,"column":38}},"2":{"start":{"line":6,"column":17},"end":{"line":6,"column":51}},"3":{"start":{"line":7,"column":17},"end":{"line":7,"column":46}},"4":{"start":{"line":14,"column":2},"end":{"line":20,"column":3}},"5":{"start":{"line":15,"column":4},"end":{"line":18,"column":6}},"6":{"start":{"line":19,"column":4},"end":{"line":19,"column":11}},"7":{"start":{"line":23,"column":25},"end":{"line":23,"column":50}},"8":{"start":{"line":26,"column":21},"end":{"line":26,"column":42}},"9":{"start":{"line":27,"column":2},"end":{"line":33,"column":3}},"10":{"start":{"line":28,"column":4},"end":{"line":31,"column":6}},"11":{"start":{"line":32,"column":4},"end":{"line":32,"column":11}},"12":{"start":{"line":35,"column":19},"end":{"line":35,"column":39}},"13":{"start":{"line":36,"column":26},"end":{"line":36,"column":62}},"14":{"start":{"line":39,"column":2},"end":{"line":45,"column":3}},"15":{"start":{"line":40,"column":4},"end":{"line":43,"column":6}},"16":{"start":{"line":44,"column":4},"end":{"line":44,"column":11}},"17":{"start":{"line":47,"column":2},"end":{"line":53,"column":3}},"18":{"start":{"line":48,"column":4},"end":{"line":51,"column":6}},"19":{"start":{"line":52,"column":4},"end":{"line":52,"column":11}},"20":{"start":{"line":56,"column":19},"end":{"line":56,"column":61}},"21":{"start":{"line":58,"column":2},"end":{"line":64,"column":3}},"22":{"start":{"line":59,"column":4},"end":{"line":62,"column":6}},"23":{"start":{"line":63,"column":4},"end":{"line":63,"column":11}},"24":{"start":{"line":67,"column":2},"end":{"line":73,"column":3}},"25":{"start":{"line":68,"column":4},"end":{"line":71,"column":6}},"26":{"start":{"line":72,"column":4},"end":{"line":72,"column":11}},"27":{"start":{"line":76,"column":15},"end":{"line":76,"column":70}},"28":{"start":{"line":78,"column":2},"end":{"line":84,"column":3}},"29":{"start":{"line":79,"column":4},"end":{"line":82,"column":6}},"30":{"start":{"line":83,"column":4},"end":{"line":83,"column":11}},"31":{"start":{"line":87,"column":2},"end":{"line":87,"column":47}},"32":{"start":{"line":90,"column":2},"end":{"line":90,"column":30}},"33":{"start":{"line":93,"column":21},"end":{"line":93,"column":61}},"34":{"start":{"line":93,"column":40},"end":{"line":93,"column":60}},"35":{"start":{"line":96,"column":2},"end":{"line":99,"column":4}},"36":{"start":{"line":102,"column":0},"end":{"line":104,"column":2}}},"fnMap":{"0":{"name":"giftSkin","decl":{"start":{"line":12,"column":9},"end":{"line":12,"column":17}},"loc":{"start":{"line":12,"column":52},"end":{"line":100,"column":1}},"line":12},"1":{"name":"(anonymous_1)","decl":{"start":{"line":93,"column":35},"end":{"line":93,"column":36}},"loc":{"start":{"line":93,"column":40},"end":{"line":93,"column":60}},"line":93}},"branchMap":{"0":{"loc":{"start":{"line":14,"column":2},"end":{"line":20,"column":3}},"type":"if","locations":[{"start":{"line":14,"column":2},"end":{"line":20,"column":3}},{"start":{},"end":{}}],"line":14},"1":{"loc":{"start":{"line":27,"column":2},"end":{"line":33,"column":3}},"type":"if","locations":[{"start":{"line":27,"column":2},"end":{"line":33,"column":3}},{"start":{},"end":{}}],"line":27},"2":{"loc":{"start":{"line":27,"column":6},"end":{"line":27,"column":41}},"type":"binary-expr","locations":[{"start":{"line":27,"column":6},"end":{"line":27,"column":23}},{"start":{"line":27,"column":27},"end":{"line":27,"column":41}}],"line":27},"3":{"loc":{"start":{"line":39,"column":2},"end":{"line":45,"column":3}},"type":"if","locations":[{"start":{"line":39,"column":2},"end":{"line":45,"column":3}},{"start":{},"end":{}}],"line":39},"4":{"loc":{"start":{"line":39,"column":6},"end":{"line":39,"column":54}},"type":"binary-expr","locations":[{"start":{"line":39,"column":6},"end":{"line":39,"column":22}},{"start":{"line":39,"column":26},"end":{"line":39,"column":54}}],"line":39},"5":{"loc":{"start":{"line":47,"column":2},"end":{"line":53,"column":3}},"type":"if","locations":[{"start":{"line":47,"column":2},"end":{"line":53,"column":3}},{"start":{},"end":{}}],"line":47},"6":{"loc":{"start":{"line":58,"column":2},"end":{"line":64,"column":3}},"type":"if","locations":[{"start":{"line":58,"column":2},"end":{"line":64,"column":3}},{"start":{},"end":{}}],"line":58},"7":{"loc":{"start":{"line":67,"column":2},"end":{"line":73,"column":3}},"type":"if","locations":[{"start":{"line":67,"column":2},"end":{"line":73,"column":3}},{"start":{},"end":{}}],"line":67},"8":{"loc":{"start":{"line":78,"column":2},"end":{"line":84,"column":3}},"type":"if","locations":[{"start":{"line":78,"column":2},"end":{"line":84,"column":3}},{"start":{},"end":{}}],"line":78}},"s":{"0":0,"1":0,"2":0,"3":0,"4":0,"5":0,"6":0,"7":0,"8":0,"9":0,"10":0,"11":0,"12":0,"13":0,"14":0,"15":0,"16":0,"17":0,"18":0,"19":0,"20":0,"21":0,"22":0,"23":0,"24":0,"25":0,"26":0,"27":0,"28":0,"29":0,"30":0,"31":0,"32":0,"33":0,"34":0,"35":0,"36":0},"f":{"0":0,"1":0},"b":{"0":[0,0],"1":[0,0],"2":[0,0],"3":[0,0],"4":[0,0],"5":[0,0],"6":[0,0],"7":[0,0],"8":[0,0]}}
,"/home/nomade/git/NomadeBot_TTV/commands/index.js": {"path":"/home/nomade/git/NomadeBot_TTV/commands/index.js","statementMap":{"0":{"start":{"line":5,"column":22},"end":{"line":5,"column":40}},"1":{"start":{"line":6,"column":26},"end":{"line":6,"column":48}},"2":{"start":{"line":7,"column":21},"end":{"line":7,"column":39}},"3":{"start":{"line":8,"column":22},"end":{"line":8,"column":40}},"4":{"start":{"line":11,"column":19},"end":{"line":32,"column":1}},"5":{"start":{"line":38,"column":17},"end":{"line":38,"column":44}},"6":{"start":{"line":41,"column":2},"end":{"line":43,"column":3}},"7":{"start":{"line":42,"column":4},"end":{"line":42,"column":11}},"8":{"start":{"line":46,"column":16},"end":{"line":46,"column":78}},"9":{"start":{"line":47,"column":22},"end":{"line":47,"column":87}},"10":{"start":{"line":48,"column":15},"end":{"line":48,"column":29}},"11":{"start":{"line":51,"column":18},"end":{"line":51,"column":41}},"12":{"start":{"line":52,"column":2},"end":{"line":59,"column":3}},"13":{"start":{"line":53,"column":4},"end":{"line":58,"column":5}},"14":{"start":{"line":54,"column":6},"end":{"line":54,"column":94}},"15":{"start":{"line":56,"column":6},"end":{"line":56,"column":88}},"16":{"start":{"line":57,"column":6},"end":{"line":57,"column":118}},"17":{"start":{"line":62,"column":0},"end":{"line":65,"column":2}}},"fnMap":{"0":{"name":"processCommand","decl":{"start":{"line":37,"column":9},"end":{"line":37,"column":23}},"loc":{"start":{"line":37,"column":61},"end":{"line":60,"column":1}},"line":37}},"branchMap":{"0":{"loc":{"start":{"line":41,"column":2},"end":{"line":43,"column":3}},"type":"if","locations":[{"start":{"line":41,"column":2},"end":{"line":43,"column":3}},{"start":{},"end":{}}],"line":41},"1":{"loc":{"start":{"line":47,"column":22},"end":{"line":47,"column":87}},"type":"cond-expr","locations":[{"start":{"line":47,"column":54},"end":{"line":47,"column":62}},{"start":{"line":47,"column":65},"end":{"line":47,"column":87}}],"line":47},"2":{"loc":{"start":{"line":52,"column":2},"end":{"line":59,"column":3}},"type":"if","locations":[{"start":{"line":52,"column":2},"end":{"line":59,"column":3}},{"start":{},"end":{}}],"line":52}},"s":{"0":1,"1":1,"2":1,"3":1,"4":1,"5":8,"6":8,"7":1,"8":7,"9":7,"10":7,"11":7,"12":7,"13":6,"14":6,"15":1,"16":1,"17":1},"f":{"0":8},"b":{"0":[1,7],"1":[0,7],"2":[6,1]},"_coverageSchema":"1a1c01bbd47fc00a2c39e90264f33305004495a9","hash":"db1639075d983f1a9566f424fefa226ddc93565f"}
,"/home/nomade/git/NomadeBot_TTV/commands/inventory.js": {"path":"/home/nomade/git/NomadeBot_TTV/commands/inventory.js","statementMap":{"0":{"start":{"line":4,"column":18},"end":{"line":4,"column":46}},"1":{"start":{"line":5,"column":14},"end":{"line":5,"column":38}},"2":{"start":{"line":6,"column":17},"end":{"line":6,"column":51}},"3":{"start":{"line":7,"column":15},"end":{"line":7,"column":42}},"4":{"start":{"line":13,"column":17},"end":{"line":13,"column":37}},"5":{"start":{"line":14,"column":24},"end":{"line":14,"column":58}},"6":{"start":{"line":16,"column":2},"end":{"line":22,"column":3}},"7":{"start":{"line":17,"column":4},"end":{"line":20,"column":6}},"8":{"start":{"line":21,"column":4},"end":{"line":21,"column":11}},"9":{"start":{"line":25,"column":13},"end":{"line":25,"column":14}},"10":{"start":{"line":26,"column":2},"end":{"line":31,"column":3}},"11":{"start":{"line":27,"column":26},"end":{"line":27,"column":43}},"12":{"start":{"line":28,"column":4},"end":{"line":30,"column":5}},"13":{"start":{"line":29,"column":6},"end":{"line":29,"column":27}},"14":{"start":{"line":33,"column":19},"end":{"line":33,"column":51}},"15":{"start":{"line":34,"column":21},"end":{"line":34,"column":63}},"16":{"start":{"line":37,"column":2},"end":{"line":39,"column":3}},"17":{"start":{"line":38,"column":4},"end":{"line":38,"column":22}},"18":{"start":{"line":41,"column":16},"end":{"line":41,"column":37}},"19":{"start":{"line":42,"column":14},"end":{"line":42,"column":62}},"20":{"start":{"line":45,"column":24},"end":{"line":48,"column":15}},"21":{"start":{"line":46,"column":23},"end":{"line":46,"column":63}},"22":{"start":{"line":46,"column":42},"end":{"line":46,"column":62}},"23":{"start":{"line":47,"column":4},"end":{"line":47,"column":68}},"24":{"start":{"line":50,"column":19},"end":{"line":50,"column":72}},"25":{"start":{"line":52,"column":2},"end":{"line":55,"column":4}},"26":{"start":{"line":62,"column":2},"end":{"line":68,"column":3}},"27":{"start":{"line":63,"column":4},"end":{"line":66,"column":6}},"28":{"start":{"line":67,"column":4},"end":{"line":67,"column":11}},"29":{"start":{"line":70,"column":17},"end":{"line":70,"column":37}},"30":{"start":{"line":71,"column":24},"end":{"line":71,"column":58}},"31":{"start":{"line":73,"column":2},"end":{"line":79,"column":3}},"32":{"start":{"line":74,"column":4},"end":{"line":77,"column":6}},"33":{"start":{"line":78,"column":4},"end":{"line":78,"column":11}},"34":{"start":{"line":82,"column":21},"end":{"line":82,"column":66}},"35":{"start":{"line":85,"column":24},"end":{"line":87,"column":3}},"36":{"start":{"line":86,"column":4},"end":{"line":86,"column":48}},"37":{"start":{"line":89,"column":2},"end":{"line":95,"column":3}},"38":{"start":{"line":90,"column":4},"end":{"line":93,"column":6}},"39":{"start":{"line":94,"column":4},"end":{"line":94,"column":11}},"40":{"start":{"line":98,"column":21},"end":{"line":98,"column":53}},"41":{"start":{"line":99,"column":18},"end":{"line":102,"column":15}},"42":{"start":{"line":100,"column":23},"end":{"line":100,"column":63}},"43":{"start":{"line":100,"column":42},"end":{"line":100,"column":62}},"44":{"start":{"line":101,"column":4},"end":{"line":101,"column":60}},"45":{"start":{"line":104,"column":23},"end":{"line":104,"column":43}},"46":{"start":{"line":105,"column":18},"end":{"line":107,"column":13}},"47":{"start":{"line":109,"column":2},"end":{"line":112,"column":4}},"48":{"start":{"line":115,"column":0},"end":{"line":118,"column":2}}},"fnMap":{"0":{"name":"showInventory","decl":{"start":{"line":12,"column":9},"end":{"line":12,"column":22}},"loc":{"start":{"line":12,"column":57},"end":{"line":56,"column":1}},"line":12},"1":{"name":"(anonymous_1)","decl":{"start":{"line":45,"column":60},"end":{"line":45,"column":61}},"loc":{"start":{"line":45,"column":77},"end":{"line":48,"column":3}},"line":45},"2":{"name":"(anonymous_2)","decl":{"start":{"line":46,"column":37},"end":{"line":46,"column":38}},"loc":{"start":{"line":46,"column":42},"end":{"line":46,"column":62}},"line":46},"3":{"name":"searchInventory","decl":{"start":{"line":61,"column":9},"end":{"line":61,"column":24}},"loc":{"start":{"line":61,"column":72},"end":{"line":113,"column":1}},"line":61},"4":{"name":"(anonymous_4)","decl":{"start":{"line":85,"column":45},"end":{"line":85,"column":46}},"loc":{"start":{"line":86,"column":4},"end":{"line":86,"column":48}},"line":86},"5":{"name":"(anonymous_5)","decl":{"start":{"line":99,"column":57},"end":{"line":99,"column":58}},"loc":{"start":{"line":99,"column":74},"end":{"line":102,"column":3}},"line":99},"6":{"name":"(anonymous_6)","decl":{"start":{"line":100,"column":37},"end":{"line":100,"column":38}},"loc":{"start":{"line":100,"column":42},"end":{"line":100,"column":62}},"line":100}},"branchMap":{"0":{"loc":{"start":{"line":16,"column":2},"end":{"line":22,"column":3}},"type":"if","locations":[{"start":{"line":16,"column":2},"end":{"line":22,"column":3}},{"start":{},"end":{}}],"line":16},"1":{"loc":{"start":{"line":16,"column":6},"end":{"line":16,"column":50}},"type":"binary-expr","locations":[{"start":{"line":16,"column":6},"end":{"line":16,"column":20}},{"start":{"line":16,"column":24},"end":{"line":16,"column":50}}],"line":16},"2":{"loc":{"start":{"line":26,"column":2},"end":{"line":31,"column":3}},"type":"if","locations":[{"start":{"line":26,"column":2},"end":{"line":31,"column":3}},{"start":{},"end":{}}],"line":26},"3":{"loc":{"start":{"line":28,"column":4},"end":{"line":30,"column":5}},"type":"if","locations":[{"start":{"line":28,"column":4},"end":{"line":30,"column":5}},{"start":{},"end":{}}],"line":28},"4":{"loc":{"start":{"line":28,"column":8},"end":{"line":28,"column":50}},"type":"binary-expr","locations":[{"start":{"line":28,"column":8},"end":{"line":28,"column":29}},{"start":{"line":28,"column":33},"end":{"line":28,"column":50}}],"line":28},"5":{"loc":{"start":{"line":37,"column":2},"end":{"line":39,"column":3}},"type":"if","locations":[{"start":{"line":37,"column":2},"end":{"line":39,"column":3}},{"start":{},"end":{}}],"line":37},"6":{"loc":{"start":{"line":50,"column":19},"end":{"line":50,"column":72}},"type":"cond-expr","locations":[{"start":{"line":50,"column":36},"end":{"line":50,"column":67}},{"start":{"line":50,"column":70},"end":{"line":50,"column":72}}],"line":50},"7":{"loc":{"start":{"line":62,"column":2},"end":{"line":68,"column":3}},"type":"if","locations":[{"start":{"line":62,"column":2},"end":{"line":68,"column":3}},{"start":{},"end":{}}],"line":62},"8":{"loc":{"start":{"line":73,"column":2},"end":{"line":79,"column":3}},"type":"if","locations":[{"start":{"line":73,"column":2},"end":{"line":79,"column":3}},{"start":{},"end":{}}],"line":73},"9":{"loc":{"start":{"line":73,"column":6},"end":{"line":73,"column":50}},"type":"binary-expr","locations":[{"start":{"line":73,"column":6},"end":{"line":73,"column":20}},{"start":{"line":73,"column":24},"end":{"line":73,"column":50}}],"line":73},"10":{"loc":{"start":{"line":89,"column":2},"end":{"line":95,"column":3}},"type":"if","locations":[{"start":{"line":89,"column":2},"end":{"line":95,"column":3}},{"start":{},"end":{}}],"line":89},"11":{"loc":{"start":{"line":105,"column":18},"end":{"line":107,"column":13}},"type":"cond-expr","locations":[{"start":{"line":106,"column":6},"end":{"line":106,"column":70}},{"start":{"line":107,"column":6},"end":{"line":107,"column":13}}],"line":105}},"s":{"0":0,"1":0,"2":0,"3":0,"4":0,"5":0,"6":0,"7":0,"8":0,"9":0,"10":0,"11":0,"12":0,"13":0,"14":0,"15":0,"16":0,"17":0,"18":0,"19":0,"20":0,"21":0,"22":0,"23":0,"24":0,"25":0,"26":0,"27":0,"28":0,"29":0,"30":0,"31":0,"32":0,"33":0,"34":0,"35":0,"36":0,"37":0,"38":0,"39":0,"40":0,"41":0,"42":0,"43":0,"44":0,"45":0,"46":0,"47":0,"48":0},"f":{"0":0,"1":0,"2":0,"3":0,"4":0,"5":0,"6":0},"b":{"0":[0,0],"1":[0,0],"2":[0,0],"3":[0,0],"4":[0,0],"5":[0,0],"6":[0,0],"7":[0,0],"8":[0,0],"9":[0,0],"10":[0,0],"11":[0,0]}}
,"/home/nomade/git/NomadeBot_TTV/commands/knife.js": {"path":"/home/nomade/git/NomadeBot_TTV/commands/knife.js","statementMap":{"0":{"start":{"line":4,"column":15},"end":{"line":4,"column":42}},"1":{"start":{"line":5,"column":18},"end":{"line":5,"column":46}},"2":{"start":{"line":6,"column":18},"end":{"line":6,"column":46}},"3":{"start":{"line":7,"column":17},"end":{"line":7,"column":46}},"4":{"start":{"line":9,"column":17},"end":{"line":9,"column":51}},"5":{"start":{"line":10,"column":14},"end":{"line":10,"column":46}},"6":{"start":{"line":13,"column":23},"end":{"line":13,"column":28}},"7":{"start":{"line":19,"column":17},"end":{"line":19,"column":37}},"8":{"start":{"line":22,"column":2},"end":{"line":28,"column":3}},"9":{"start":{"line":23,"column":4},"end":{"line":26,"column":6}},"10":{"start":{"line":27,"column":4},"end":{"line":27,"column":11}},"11":{"start":{"line":31,"column":2},"end":{"line":38,"column":3}},"12":{"start":{"line":32,"column":29},"end":{"line":32,"column":72}},"13":{"start":{"line":33,"column":4},"end":{"line":36,"column":6}},"14":{"start":{"line":37,"column":4},"end":{"line":37,"column":11}},"15":{"start":{"line":41,"column":2},"end":{"line":41,"column":41}},"16":{"start":{"line":44,"column":15},"end":{"line":44,"column":34}},"17":{"start":{"line":45,"column":30},"end":{"line":45,"column":31}},"18":{"start":{"line":46,"column":23},"end":{"line":46,"column":27}},"19":{"start":{"line":48,"column":2},"end":{"line":54,"column":3}},"20":{"start":{"line":49,"column":4},"end":{"line":49,"column":48}},"21":{"start":{"line":50,"column":4},"end":{"line":53,"column":5}},"22":{"start":{"line":51,"column":6},"end":{"line":51,"column":30}},"23":{"start":{"line":52,"column":6},"end":{"line":52,"column":12}},"24":{"start":{"line":57,"column":26},"end":{"line":57,"column":50}},"25":{"start":{"line":58,"column":2},"end":{"line":62,"column":3}},"26":{"start":{"line":59,"column":4},"end":{"line":59,"column":76}},"27":{"start":{"line":60,"column":4},"end":{"line":60,"column":112}},"28":{"start":{"line":61,"column":4},"end":{"line":61,"column":11}},"29":{"start":{"line":65,"column":21},"end":{"line":65,"column":88}},"30":{"start":{"line":68,"column":21},"end":{"line":73,"column":3}},"31":{"start":{"line":76,"column":2},"end":{"line":76,"column":51}},"32":{"start":{"line":79,"column":2},"end":{"line":84,"column":3}},"33":{"start":{"line":80,"column":4},"end":{"line":80,"column":28}},"34":{"start":{"line":81,"column":4},"end":{"line":83,"column":32}},"35":{"start":{"line":82,"column":6},"end":{"line":82,"column":31}},"36":{"start":{"line":87,"column":2},"end":{"line":90,"column":4}},"37":{"start":{"line":93,"column":0},"end":{"line":95,"column":2}}},"fnMap":{"0":{"name":"openCase","decl":{"start":{"line":18,"column":9},"end":{"line":18,"column":17}},"loc":{"start":{"line":18,"column":46},"end":{"line":91,"column":1}},"line":18},"1":{"name":"(anonymous_1)","decl":{"start":{"line":81,"column":15},"end":{"line":81,"column":16}},"loc":{"start":{"line":81,"column":21},"end":{"line":83,"column":5}},"line":81}},"branchMap":{"0":{"loc":{"start":{"line":22,"column":2},"end":{"line":28,"column":3}},"type":"if","locations":[{"start":{"line":22,"column":2},"end":{"line":28,"column":3}},{"start":{},"end":{}}],"line":22},"1":{"loc":{"start":{"line":31,"column":2},"end":{"line":38,"column":3}},"type":"if","locations":[{"start":{"line":31,"column":2},"end":{"line":38,"column":3}},{"start":{},"end":{}}],"line":31},"2":{"loc":{"start":{"line":50,"column":4},"end":{"line":53,"column":5}},"type":"if","locations":[{"start":{"line":50,"column":4},"end":{"line":53,"column":5}},{"start":{},"end":{}}],"line":50},"3":{"loc":{"start":{"line":58,"column":2},"end":{"line":62,"column":3}},"type":"if","locations":[{"start":{"line":58,"column":2},"end":{"line":62,"column":3}},{"start":{},"end":{}}],"line":58},"4":{"loc":{"start":{"line":58,"column":6},"end":{"line":58,"column":54}},"type":"binary-expr","locations":[{"start":{"line":58,"column":6},"end":{"line":58,"column":22}},{"start":{"line":58,"column":26},"end":{"line":58,"column":54}}],"line":58},"5":{"loc":{"start":{"line":79,"column":2},"end":{"line":84,"column":3}},"type":"if","locations":[{"start":{"line":79,"column":2},"end":{"line":84,"column":3}},{"start":{},"end":{}}],"line":79}},"s":{"0":1,"1":1,"2":1,"3":1,"4":1,"5":1,"6":1,"7":0,"8":0,"9":0,"10":0,"11":0,"12":0,"13":0,"14":0,"15":0,"16":0,"17":0,"18":0,"19":0,"20":0,"21":0,"22":0,"23":0,"24":0,"25":0,"26":0,"27":0,"28":0,"29":0,"30":0,"31":0,"32":0,"33":0,"34":0,"35":0,"36":0,"37":1},"f":{"0":0,"1":0},"b":{"0":[0,0],"1":[0,0],"2":[0,0],"3":[0,0],"4":[0,0],"5":[0,0]},"_coverageSchema":"1a1c01bbd47fc00a2c39e90264f33305004495a9","hash":"477262e29ba53cf1f7a81707e757d0a399f5b80a"}
,"/home/nomade/git/NomadeBot_TTV/commands/stats.js": {"path":"/home/nomade/git/NomadeBot_TTV/commands/stats.js","statementMap":{"0":{"start":{"line":4,"column":18},"end":{"line":4,"column":46}},"1":{"start":{"line":5,"column":14},"end":{"line":5,"column":38}},"2":{"start":{"line":6,"column":17},"end":{"line":6,"column":51}},"3":{"start":{"line":7,"column":15},"end":{"line":7,"column":42}},"4":{"start":{"line":13,"column":17},"end":{"line":13,"column":37}},"5":{"start":{"line":14,"column":24},"end":{"line":14,"column":58}},"6":{"start":{"line":16,"column":2},"end":{"line":22,"column":3}},"7":{"start":{"line":17,"column":4},"end":{"line":20,"column":6}},"8":{"start":{"line":21,"column":4},"end":{"line":21,"column":11}},"9":{"start":{"line":25,"column":21},"end":{"line":25,"column":41}},"10":{"start":{"line":28,"column":19},"end":{"line":32,"column":7}},"11":{"start":{"line":29,"column":20},"end":{"line":29,"column":62}},"12":{"start":{"line":29,"column":44},"end":{"line":29,"column":61}},"13":{"start":{"line":30,"column":20},"end":{"line":30,"column":62}},"14":{"start":{"line":30,"column":44},"end":{"line":30,"column":61}},"15":{"start":{"line":31,"column":4},"end":{"line":31,"column":29}},"16":{"start":{"line":34,"column":25},"end":{"line":34,"column":69}},"17":{"start":{"line":34,"column":44},"end":{"line":34,"column":68}},"18":{"start":{"line":37,"column":23},"end":{"line":37,"column":25}},"19":{"start":{"line":38,"column":2},"end":{"line":42,"column":5}},"20":{"start":{"line":39,"column":4},"end":{"line":41,"column":13}},"21":{"start":{"line":40,"column":14},"end":{"line":40,"column":39}},"22":{"start":{"line":45,"column":27},"end":{"line":48,"column":15}},"23":{"start":{"line":46,"column":22},"end":{"line":46,"column":49}},"24":{"start":{"line":47,"column":19},"end":{"line":47,"column":63}},"25":{"start":{"line":50,"column":2},"end":{"line":53,"column":4}},"26":{"start":{"line":60,"column":25},"end":{"line":60,"column":54}},"27":{"start":{"line":63,"column":16},"end":{"line":63,"column":18}},"28":{"start":{"line":66,"column":2},"end":{"line":81,"column":3}},"29":{"start":{"line":67,"column":4},"end":{"line":80,"column":5}},"30":{"start":{"line":69,"column":23},"end":{"line":73,"column":11}},"31":{"start":{"line":70,"column":24},"end":{"line":70,"column":66}},"32":{"start":{"line":70,"column":48},"end":{"line":70,"column":65}},"33":{"start":{"line":71,"column":24},"end":{"line":71,"column":66}},"34":{"start":{"line":71,"column":48},"end":{"line":71,"column":65}},"35":{"start":{"line":72,"column":8},"end":{"line":72,"column":33}},"36":{"start":{"line":75,"column":6},"end":{"line":79,"column":9}},"37":{"start":{"line":78,"column":45},"end":{"line":78,"column":69}},"38":{"start":{"line":83,"column":2},"end":{"line":89,"column":3}},"39":{"start":{"line":84,"column":4},"end":{"line":87,"column":6}},"40":{"start":{"line":88,"column":4},"end":{"line":88,"column":11}},"41":{"start":{"line":92,"column":2},"end":{"line":92,"column":54}},"42":{"start":{"line":92,"column":23},"end":{"line":92,"column":52}},"43":{"start":{"line":95,"column":21},"end":{"line":95,"column":53}},"44":{"start":{"line":96,"column":19},"end":{"line":100,"column":16}},"45":{"start":{"line":97,"column":23},"end":{"line":97,"column":49}},"46":{"start":{"line":98,"column":21},"end":{"line":98,"column":74}},"47":{"start":{"line":99,"column":4},"end":{"line":99,"column":84}},"48":{"start":{"line":102,"column":2},"end":{"line":105,"column":4}},"49":{"start":{"line":112,"column":18},"end":{"line":114,"column":15}},"50":{"start":{"line":113,"column":4},"end":{"line":113,"column":71}},"51":{"start":{"line":116,"column":2},"end":{"line":119,"column":4}},"52":{"start":{"line":122,"column":0},"end":{"line":126,"column":2}}},"fnMap":{"0":{"name":"showStats","decl":{"start":{"line":12,"column":9},"end":{"line":12,"column":18}},"loc":{"start":{"line":12,"column":47},"end":{"line":54,"column":1}},"line":12},"1":{"name":"(anonymous_1)","decl":{"start":{"line":28,"column":43},"end":{"line":28,"column":44}},"loc":{"start":{"line":28,"column":53},"end":{"line":32,"column":3}},"line":28},"2":{"name":"(anonymous_2)","decl":{"start":{"line":29,"column":39},"end":{"line":29,"column":40}},"loc":{"start":{"line":29,"column":44},"end":{"line":29,"column":61}},"line":29},"3":{"name":"(anonymous_3)","decl":{"start":{"line":30,"column":39},"end":{"line":30,"column":40}},"loc":{"start":{"line":30,"column":44},"end":{"line":30,"column":61}},"line":30},"4":{"name":"(anonymous_4)","decl":{"start":{"line":34,"column":39},"end":{"line":34,"column":40}},"loc":{"start":{"line":34,"column":44},"end":{"line":34,"column":68}},"line":34},"5":{"name":"(anonymous_5)","decl":{"start":{"line":38,"column":19},"end":{"line":38,"column":20}},"loc":{"start":{"line":38,"column":29},"end":{"line":42,"column":3}},"line":38},"6":{"name":"(anonymous_6)","decl":{"start":{"line":40,"column":6},"end":{"line":40,"column":7}},"loc":{"start":{"line":40,"column":14},"end":{"line":40,"column":39}},"line":40},"7":{"name":"(anonymous_7)","decl":{"start":{"line":46,"column":12},"end":{"line":46,"column":13}},"loc":{"start":{"line":46,"column":22},"end":{"line":46,"column":49}},"line":46},"8":{"name":"(anonymous_8)","decl":{"start":{"line":47,"column":9},"end":{"line":47,"column":10}},"loc":{"start":{"line":47,"column":19},"end":{"line":47,"column":63}},"line":47},"9":{"name":"showLeaderboard","decl":{"start":{"line":59,"column":9},"end":{"line":59,"column":24}},"loc":{"start":{"line":59,"column":42},"end":{"line":106,"column":1}},"line":59},"10":{"name":"(anonymous_10)","decl":{"start":{"line":69,"column":56},"end":{"line":69,"column":57}},"loc":{"start":{"line":69,"column":66},"end":{"line":73,"column":7}},"line":69},"11":{"name":"(anonymous_11)","decl":{"start":{"line":70,"column":43},"end":{"line":70,"column":44}},"loc":{"start":{"line":70,"column":48},"end":{"line":70,"column":65}},"line":70},"12":{"name":"(anonymous_12)","decl":{"start":{"line":71,"column":43},"end":{"line":71,"column":44}},"loc":{"start":{"line":71,"column":48},"end":{"line":71,"column":65}},"line":71},"13":{"name":"(anonymous_13)","decl":{"start":{"line":78,"column":40},"end":{"line":78,"column":41}},"loc":{"start":{"line":78,"column":45},"end":{"line":78,"column":69}},"line":78},"14":{"name":"(anonymous_14)","decl":{"start":{"line":92,"column":13},"end":{"line":92,"column":14}},"loc":{"start":{"line":92,"column":23},"end":{"line":92,"column":52}},"line":92},"15":{"name":"(anonymous_15)","decl":{"start":{"line":96,"column":50},"end":{"line":96,"column":51}},"loc":{"start":{"line":96,"column":67},"end":{"line":100,"column":3}},"line":96},"16":{"name":"showChances","decl":{"start":{"line":111,"column":9},"end":{"line":111,"column":20}},"loc":{"start":{"line":111,"column":38},"end":{"line":120,"column":1}},"line":111},"17":{"name":"(anonymous_17)","decl":{"start":{"line":112,"column":31},"end":{"line":112,"column":32}},"loc":{"start":{"line":113,"column":4},"end":{"line":113,"column":71}},"line":113}},"branchMap":{"0":{"loc":{"start":{"line":16,"column":2},"end":{"line":22,"column":3}},"type":"if","locations":[{"start":{"line":16,"column":2},"end":{"line":22,"column":3}},{"start":{},"end":{}}],"line":16},"1":{"loc":{"start":{"line":16,"column":6},"end":{"line":16,"column":50}},"type":"binary-expr","locations":[{"start":{"line":16,"column":6},"end":{"line":16,"column":20}},{"start":{"line":16,"column":24},"end":{"line":16,"column":50}}],"line":16},"2":{"loc":{"start":{"line":67,"column":4},"end":{"line":80,"column":5}},"type":"if","locations":[{"start":{"line":67,"column":4},"end":{"line":80,"column":5}},{"start":{},"end":{}}],"line":67},"3":{"loc":{"start":{"line":67,"column":8},"end":{"line":67,"column":67}},"type":"binary-expr","locations":[{"start":{"line":67,"column":8},"end":{"line":67,"column":30}},{"start":{"line":67,"column":34},"end":{"line":67,"column":67}}],"line":67},"4":{"loc":{"start":{"line":83,"column":2},"end":{"line":89,"column":3}},"type":"if","locations":[{"start":{"line":83,"column":2},"end":{"line":89,"column":3}},{"start":{},"end":{}}],"line":83}},"s":{"0":0,"1":0,"2":0,"3":0,"4":0,"5":0,"6":0,"7":0,"8":0,"9":0,"10":0,"11":0,"12":0,"13":0,"14":0,"15":0,"16":0,"17":0,"18":0,"19":0,"20":0,"21":0,"22":0,"23":0,"24":0,"25":0,"26":0,"27":0,"28":0,"29":0,"30":0,"31":0,"32":0,"33":0,"34":0,"35":0,"36":0,"37":0,"38":0,"39":0,"40":0,"41":0,"42":0,"43":0,"44":0,"45":0,"46":0,"47":0,"48":0,"49":0,"50":0,"51":0,"52":0},"f":{"0":0,"1":0,"2":0,"3":0,"4":0,"5":0,"6":0,"7":0,"8":0,"9":0,"10":0,"11":0,"12":0,"13":0,"14":0,"15":0,"16":0,"17":0},"b":{"0":[0,0],"1":[0,0],"2":[0,0],"3":[0,0],"4":[0,0]}}
,"/home/nomade/git/NomadeBot_TTV/config/config.js": {"path":"/home/nomade/git/NomadeBot_TTV/config/config.js","statementMap":{"0":{"start":{"line":6,"column":0},"end":{"line":49,"column":2}}},"fnMap":{},"branchMap":{},"s":{"0":6},"f":{},"b":{},"_coverageSchema":"1a1c01bbd47fc00a2c39e90264f33305004495a9","hash":"2aa45a6401a6f18f4f142e9edfc0ef98b6d1e50e"}
,"/home/nomade/git/NomadeBot_TTV/config/messages.js": {"path":"/home/nomade/git/NomadeBot_TTV/config/messages.js","statementMap":{"0":{"start":{"line":6,"column":25},"end":{"line":27,"column":1}},"1":{"start":{"line":30,"column":22},"end":{"line":36,"column":1}},"2":{"start":{"line":31,"column":35},"end":{"line":31,"column":96}},"3":{"start":{"line":32,"column":27},"end":{"line":32,"column":98}},"4":{"start":{"line":33,"column":45},"end":{"line":33,"column":150}},"5":{"start":{"line":34,"column":41},"end":{"line":34,"column":127}},"6":{"start":{"line":35,"column":29},"end":{"line":35,"column":87}},"7":{"start":{"line":39,"column":24},"end":{"line":44,"column":1}},"8":{"start":{"line":40,"column":41},"end":{"line":40,"column":118}},"9":{"start":{"line":41,"column":49},"end":{"line":41,"column":143}},"10":{"start":{"line":43,"column":4},"end":{"line":43,"column":137}},"11":{"start":{"line":48,"column":17},"end":{"line":48,"column":36}},"12":{"start":{"line":49,"column":45},"end":{"line":49,"column":72}},"13":{"start":{"line":52,"column":20},"end":{"line":52,"column":53}},"14":{"start":{"line":53,"column":4},"end":{"line":53,"column":33}},"15":{"start":{"line":55,"column":25},"end":{"line":58,"column":5}},"16":{"start":{"line":60,"column":4},"end":{"line":60,"column":42}},"17":{"start":{"line":64,"column":2},"end":{"line":64,"column":64}},"18":{"start":{"line":67,"column":0},"end":{"line":72,"column":2}}},"fnMap":{"0":{"name":"(anonymous_0)","decl":{"start":{"line":31,"column":12},"end":{"line":31,"column":13}},"loc":{"start":{"line":31,"column":35},"end":{"line":31,"column":96}},"line":31},"1":{"name":"(anonymous_1)","decl":{"start":{"line":32,"column":13},"end":{"line":32,"column":14}},"loc":{"start":{"line":32,"column":27},"end":{"line":32,"column":98}},"line":32},"2":{"name":"(anonymous_2)","decl":{"start":{"line":33,"column":18},"end":{"line":33,"column":19}},"loc":{"start":{"line":33,"column":45},"end":{"line":33,"column":150}},"line":33},"3":{"name":"(anonymous_3)","decl":{"start":{"line":34,"column":15},"end":{"line":34,"column":16}},"loc":{"start":{"line":34,"column":41},"end":{"line":34,"column":127}},"line":34},"4":{"name":"(anonymous_4)","decl":{"start":{"line":35,"column":15},"end":{"line":35,"column":16}},"loc":{"start":{"line":35,"column":29},"end":{"line":35,"column":87}},"line":35},"5":{"name":"(anonymous_5)","decl":{"start":{"line":40,"column":9},"end":{"line":40,"column":10}},"loc":{"start":{"line":40,"column":41},"end":{"line":40,"column":118}},"line":40},"6":{"name":"(anonymous_6)","decl":{"start":{"line":41,"column":8},"end":{"line":41,"column":9}},"loc":{"start":{"line":41,"column":49},"end":{"line":41,"column":143}},"line":41},"7":{"name":"(anonymous_7)","decl":{"start":{"line":42,"column":9},"end":{"line":42,"column":10}},"loc":{"start":{"line":43,"column":4},"end":{"line":43,"column":137}},"line":43},"8":{"name":"startPeriodicMessages","decl":{"start":{"line":47,"column":9},"end":{"line":47,"column":30}},"loc":{"start":{"line":47,"column":48},"end":{"line":65,"column":1}},"line":47},"9":{"name":"sendMessage","decl":{"start":{"line":51,"column":11},"end":{"line":51,"column":22}},"loc":{"start":{"line":51,"column":25},"end":{"line":61,"column":3}},"line":51}},"branchMap":{},"s":{"0":1,"1":1,"2":0,"3":0,"4":0,"5":0,"6":0,"7":1,"8":0,"9":0,"10":0,"11":0,"12":0,"13":0,"14":0,"15":0,"16":0,"17":0,"18":1},"f":{"0":0,"1":0,"2":0,"3":0,"4":0,"5":0,"6":0,"7":0,"8":0,"9":0},"b":{},"_coverageSchema":"1a1c01bbd47fc00a2c39e90264f33305004495a9","hash":"263f10e3e77ca3384ced66a94c13a34ee7ce19be"}
,"/home/nomade/git/NomadeBot_TTV/data/cooldowns.js": {"path":"/home/nomade/git/NomadeBot_TTV/data/cooldowns.js","statementMap":{"0":{"start":{"line":4,"column":11},"end":{"line":4,"column":24}},"1":{"start":{"line":5,"column":13},"end":{"line":5,"column":28}},"2":{"start":{"line":6,"column":15},"end":{"line":6,"column":42}},"3":{"start":{"line":9,"column":16},"end":{"line":9,"column":18}},"4":{"start":{"line":12,"column":26},"end":{"line":12,"column":84}},"5":{"start":{"line":18,"column":2},"end":{"line":25,"column":3}},"6":{"start":{"line":19,"column":4},"end":{"line":22,"column":5}},"7":{"start":{"line":20,"column":19},"end":{"line":20,"column":61}},"8":{"start":{"line":21,"column":6},"end":{"line":21,"column":35}},"9":{"start":{"line":24,"column":4},"end":{"line":24,"column":69}},"10":{"start":{"line":32,"column":2},"end":{"line":36,"column":3}},"11":{"start":{"line":33,"column":4},"end":{"line":33,"column":76}},"12":{"start":{"line":35,"column":4},"end":{"line":35,"column":72}},"13":{"start":{"line":43,"column":2},"end":{"line":45,"column":3}},"14":{"start":{"line":44,"column":4},"end":{"line":44,"column":17}},"15":{"start":{"line":47,"column":14},"end":{"line":47,"column":24}},"16":{"start":{"line":48,"column":26},"end":{"line":48,"column":56}},"17":{"start":{"line":49,"column":26},"end":{"line":49,"column":70}},"18":{"start":{"line":51,"column":2},"end":{"line":51,"column":31}},"19":{"start":{"line":58,"column":2},"end":{"line":60,"column":3}},"20":{"start":{"line":59,"column":4},"end":{"line":59,"column":13}},"21":{"start":{"line":62,"column":14},"end":{"line":62,"column":24}},"22":{"start":{"line":63,"column":26},"end":{"line":63,"column":56}},"23":{"start":{"line":64,"column":26},"end":{"line":64,"column":70}},"24":{"start":{"line":66,"column":22},"end":{"line":66,"column":56}},"25":{"start":{"line":67,"column":2},"end":{"line":67,"column":46}},"26":{"start":{"line":74,"column":2},"end":{"line":76,"column":3}},"27":{"start":{"line":75,"column":4},"end":{"line":75,"column":27}},"28":{"start":{"line":78,"column":2},"end":{"line":78,"column":42}},"29":{"start":{"line":79,"column":2},"end":{"line":79,"column":18}},"30":{"start":{"line":86,"column":2},"end":{"line":88,"column":38}},"31":{"start":{"line":87,"column":4},"end":{"line":87,"column":20}},"32":{"start":{"line":89,"column":2},"end":{"line":89,"column":111}},"33":{"start":{"line":93,"column":0},"end":{"line":93,"column":16}},"34":{"start":{"line":99,"column":0},"end":{"line":105,"column":2}}},"fnMap":{"0":{"name":"loadCooldowns","decl":{"start":{"line":17,"column":9},"end":{"line":17,"column":22}},"loc":{"start":{"line":17,"column":25},"end":{"line":26,"column":1}},"line":17},"1":{"name":"saveCooldowns","decl":{"start":{"line":31,"column":9},"end":{"line":31,"column":22}},"loc":{"start":{"line":31,"column":25},"end":{"line":37,"column":1}},"line":31},"2":{"name":"isOnCooldown","decl":{"start":{"line":42,"column":9},"end":{"line":42,"column":21}},"loc":{"start":{"line":42,"column":39},"end":{"line":52,"column":1}},"line":42},"3":{"name":"getRemainingTime","decl":{"start":{"line":57,"column":9},"end":{"line":57,"column":25}},"loc":{"start":{"line":57,"column":43},"end":{"line":68,"column":1}},"line":57},"4":{"name":"setCooldown","decl":{"start":{"line":73,"column":9},"end":{"line":73,"column":20}},"loc":{"start":{"line":73,"column":38},"end":{"line":80,"column":1}},"line":73},"5":{"name":"setupAutoSave","decl":{"start":{"line":85,"column":9},"end":{"line":85,"column":22}},"loc":{"start":{"line":85,"column":25},"end":{"line":90,"column":1}},"line":85},"6":{"name":"(anonymous_6)","decl":{"start":{"line":86,"column":14},"end":{"line":86,"column":15}},"loc":{"start":{"line":86,"column":20},"end":{"line":88,"column":3}},"line":86}},"branchMap":{"0":{"loc":{"start":{"line":19,"column":4},"end":{"line":22,"column":5}},"type":"if","locations":[{"start":{"line":19,"column":4},"end":{"line":22,"column":5}},{"start":{},"end":{}}],"line":19},"1":{"loc":{"start":{"line":43,"column":2},"end":{"line":45,"column":3}},"type":"if","locations":[{"start":{"line":43,"column":2},"end":{"line":45,"column":3}},{"start":{},"end":{}}],"line":43},"2":{"loc":{"start":{"line":43,"column":6},"end":{"line":43,"column":55}},"type":"binary-expr","locations":[{"start":{"line":43,"column":6},"end":{"line":43,"column":24}},{"start":{"line":43,"column":28},"end":{"line":43,"column":55}}],"line":43},"3":{"loc":{"start":{"line":48,"column":26},"end":{"line":48,"column":56}},"type":"binary-expr","locations":[{"start":{"line":48,"column":26},"end":{"line":48,"column":51}},{"start":{"line":48,"column":55},"end":{"line":48,"column":56}}],"line":48},"4":{"loc":{"start":{"line":58,"column":2},"end":{"line":60,"column":3}},"type":"if","locations":[{"start":{"line":58,"column":2},"end":{"line":60,"column":3}},{"start":{},"end":{}}],"line":58},"5":{"loc":{"start":{"line":58,"column":6},"end":{"line":58,"column":55}},"type":"binary-expr","locations":[{"start":{"line":58,"column":6},"end":{"line":58,"column":24}},{"start":{"line":58,"column":28},"end":{"line":58,"column":55}}],"line":58},"6":{"loc":{"start":{"line":63,"column":26},"end":{"line":63,"column":56}},"type":"binary-expr","locations":[{"start":{"line":63,"column":26},"end":{"line":63,"column":51}},{"start":{"line":63,"column":55},"end":{"line":63,"column":56}}],"line":63},"7":{"loc":{"start":{"line":74,"column":2},"end":{"line":76,"column":3}},"type":"if","locations":[{"start":{"line":74,"column":2},"end":{"line":76,"column":3}},{"start":{},"end":{}}],"line":74}},"s":{"0":1,"1":1,"2":1,"3":1,"4":1,"5":11,"6":11,"7":3,"8":3,"9":0,"10":2,"11":2,"12":0,"13":4,"14":1,"15":3,"16":3,"17":3,"18":3,"19":2,"20":0,"21":2,"22":2,"23":2,"24":2,"25":2,"26":1,"27":0,"28":1,"29":1,"30":1,"31":1,"32":1,"33":1,"34":1},"f":{"0":11,"1":2,"2":4,"3":2,"4":1,"5":1,"6":1},"b":{"0":[3,8],"1":[1,3],"2":[4,3],"3":[3,0],"4":[0,2],"5":[2,2],"6":[2,0],"7":[0,1]},"_coverageSchema":"1a1c01bbd47fc00a2c39e90264f33305004495a9","hash":"b9fb91907cbc28630572a1487b82f3a1c873c0c7"}
,"/home/nomade/git/NomadeBot_TTV/data/inventory.js": {"path":"/home/nomade/git/NomadeBot_TTV/data/inventory.js","statementMap":{"0":{"start":{"line":4,"column":11},"end":{"line":4,"column":24}},"1":{"start":{"line":5,"column":13},"end":{"line":5,"column":28}},"2":{"start":{"line":6,"column":15},"end":{"line":6,"column":42}},"3":{"start":{"line":9,"column":23},"end":{"line":9,"column":81}},"4":{"start":{"line":12,"column":22},"end":{"line":12,"column":24}},"5":{"start":{"line":18,"column":2},"end":{"line":30,"column":3}},"6":{"start":{"line":19,"column":4},"end":{"line":26,"column":5}},"7":{"start":{"line":20,"column":19},"end":{"line":20,"column":58}},"8":{"start":{"line":21,"column":6},"end":{"line":21,"column":41}},"9":{"start":{"line":22,"column":6},"end":{"line":22,"column":82}},"10":{"start":{"line":24,"column":6},"end":{"line":24,"column":27}},"11":{"start":{"line":25,"column":6},"end":{"line":25,"column":85}},"12":{"start":{"line":28,"column":4},"end":{"line":28,"column":73}},"13":{"start":{"line":29,"column":4},"end":{"line":29,"column":25}},"14":{"start":{"line":31,"column":2},"end":{"line":31,"column":25}},"15":{"start":{"line":38,"column":2},"end":{"line":43,"column":3}},"16":{"start":{"line":39,"column":4},"end":{"line":39,"column":79}},"17":{"start":{"line":40,"column":4},"end":{"line":40,"column":102}},"18":{"start":{"line":42,"column":4},"end":{"line":42,"column":76}},"19":{"start":{"line":51,"column":2},"end":{"line":53,"column":3}},"20":{"start":{"line":52,"column":4},"end":{"line":52,"column":33}},"21":{"start":{"line":56,"column":2},"end":{"line":56,"column":37}},"22":{"start":{"line":57,"column":2},"end":{"line":57,"column":14}},"23":{"start":{"line":64,"column":2},"end":{"line":64,"column":39}},"24":{"start":{"line":71,"column":2},"end":{"line":73,"column":3}},"25":{"start":{"line":72,"column":4},"end":{"line":72,"column":16}},"26":{"start":{"line":75,"column":2},"end":{"line":75,"column":53}},"27":{"start":{"line":82,"column":2},"end":{"line":84,"column":38}},"28":{"start":{"line":83,"column":4},"end":{"line":83,"column":22}},"29":{"start":{"line":85,"column":2},"end":{"line":85,"column":113}},"30":{"start":{"line":89,"column":0},"end":{"line":89,"column":18}},"31":{"start":{"line":91,"column":0},"end":{"line":99,"column":2}},"32":{"start":{"line":98,"column":27},"end":{"line":98,"column":42}}},"fnMap":{"0":{"name":"loadInventories","decl":{"start":{"line":17,"column":9},"end":{"line":17,"column":24}},"loc":{"start":{"line":17,"column":27},"end":{"line":32,"column":1}},"line":17},"1":{"name":"saveInventories","decl":{"start":{"line":37,"column":9},"end":{"line":37,"column":24}},"loc":{"start":{"line":37,"column":27},"end":{"line":44,"column":1}},"line":37},"2":{"name":"addSkinToInventory","decl":{"start":{"line":49,"column":9},"end":{"line":49,"column":27}},"loc":{"start":{"line":49,"column":42},"end":{"line":58,"column":1}},"line":49},"3":{"name":"getUserInventory","decl":{"start":{"line":63,"column":9},"end":{"line":63,"column":25}},"loc":{"start":{"line":63,"column":34},"end":{"line":65,"column":1}},"line":63},"4":{"name":"removeSkinFromInventory","decl":{"start":{"line":70,"column":9},"end":{"line":70,"column":32}},"loc":{"start":{"line":70,"column":48},"end":{"line":76,"column":1}},"line":70},"5":{"name":"setupAutoSave","decl":{"start":{"line":81,"column":9},"end":{"line":81,"column":22}},"loc":{"start":{"line":81,"column":25},"end":{"line":86,"column":1}},"line":81},"6":{"name":"(anonymous_6)","decl":{"start":{"line":82,"column":14},"end":{"line":82,"column":15}},"loc":{"start":{"line":82,"column":20},"end":{"line":84,"column":3}},"line":82},"7":{"name":"(anonymous_7)","decl":{"start":{"line":98,"column":21},"end":{"line":98,"column":22}},"loc":{"start":{"line":98,"column":27},"end":{"line":98,"column":42}},"line":98}},"branchMap":{"0":{"loc":{"start":{"line":19,"column":4},"end":{"line":26,"column":5}},"type":"if","locations":[{"start":{"line":19,"column":4},"end":{"line":26,"column":5}},{"start":{"line":23,"column":11},"end":{"line":26,"column":5}}],"line":19},"1":{"loc":{"start":{"line":51,"column":2},"end":{"line":53,"column":3}},"type":"if","locations":[{"start":{"line":51,"column":2},"end":{"line":53,"column":3}},{"start":{},"end":{}}],"line":51},"2":{"loc":{"start":{"line":64,"column":9},"end":{"line":64,"column":38}},"type":"binary-expr","locations":[{"start":{"line":64,"column":9},"end":{"line":64,"column":32}},{"start":{"line":64,"column":36},"end":{"line":64,"column":38}}],"line":64},"3":{"loc":{"start":{"line":71,"column":2},"end":{"line":73,"column":3}},"type":"if","locations":[{"start":{"line":71,"column":2},"end":{"line":73,"column":3}},{"start":{},"end":{}}],"line":71},"4":{"loc":{"start":{"line":71,"column":6},"end":{"line":71,"column":86}},"type":"binary-expr","locations":[{"start":{"line":71,"column":6},"end":{"line":71,"column":30}},{"start":{"line":71,"column":34},"end":{"line":71,"column":43}},{"start":{"line":71,"column":47},"end":{"line":71,"column":86}}],"line":71}},"s":{"0":1,"1":1,"2":1,"3":1,"4":1,"5":6,"6":6,"7":3,"8":2,"9":2,"10":3,"11":3,"12":1,"13":1,"14":6,"15":2,"16":2,"17":1,"18":1,"19":1,"20":1,"21":1,"22":1,"23":1,"24":0,"25":0,"26":0,"27":0,"28":0,"29":0,"30":1,"31":1,"32":0},"f":{"0":6,"1":2,"2":1,"3":1,"4":0,"5":0,"6":0,"7":0},"b":{"0":[3,3],"1":[1,0],"2":[1,0],"3":[0,0],"4":[0,0,0]},"_coverageSchema":"1a1c01bbd47fc00a2c39e90264f33305004495a9","hash":"e5005d4ae621f644aa17d1ea18f4d7f910f3fd39"}
,"/home/nomade/git/NomadeBot_TTV/data/users.js": {"path":"/home/nomade/git/NomadeBot_TTV/data/users.js","statementMap":{"0":{"start":{"line":4,"column":11},"end":{"line":4,"column":24}},"1":{"start":{"line":5,"column":13},"end":{"line":5,"column":28}},"2":{"start":{"line":6,"column":15},"end":{"line":6,"column":42}},"3":{"start":{"line":9,"column":22},"end":{"line":9,"column":75}},"4":{"start":{"line":12,"column":18},"end":{"line":12,"column":20}},"5":{"start":{"line":18,"column":2},"end":{"line":30,"column":3}},"6":{"start":{"line":19,"column":4},"end":{"line":26,"column":5}},"7":{"start":{"line":20,"column":19},"end":{"line":20,"column":57}},"8":{"start":{"line":21,"column":6},"end":{"line":21,"column":37}},"9":{"start":{"line":22,"column":6},"end":{"line":22,"column":106}},"10":{"start":{"line":24,"column":6},"end":{"line":24,"column":23}},"11":{"start":{"line":25,"column":6},"end":{"line":25,"column":94}},"12":{"start":{"line":28,"column":4},"end":{"line":28,"column":81}},"13":{"start":{"line":29,"column":4},"end":{"line":29,"column":21}},"14":{"start":{"line":31,"column":2},"end":{"line":31,"column":21}},"15":{"start":{"line":38,"column":2},"end":{"line":43,"column":3}},"16":{"start":{"line":39,"column":4},"end":{"line":39,"column":74}},"17":{"start":{"line":40,"column":4},"end":{"line":40,"column":108}},"18":{"start":{"line":42,"column":4},"end":{"line":42,"column":84}},"19":{"start":{"line":50,"column":2},"end":{"line":50,"column":41}},"20":{"start":{"line":50,"column":28},"end":{"line":50,"column":41}},"21":{"start":{"line":53,"column":2},"end":{"line":53,"column":33}},"22":{"start":{"line":54,"column":2},"end":{"line":54,"column":14}},"23":{"start":{"line":61,"column":2},"end":{"line":61,"column":59}},"24":{"start":{"line":68,"column":2},"end":{"line":70,"column":38}},"25":{"start":{"line":69,"column":4},"end":{"line":69,"column":22}},"26":{"start":{"line":71,"column":2},"end":{"line":71,"column":121}},"27":{"start":{"line":75,"column":0},"end":{"line":75,"column":18}},"28":{"start":{"line":77,"column":0},"end":{"line":83,"column":2}}},"fnMap":{"0":{"name":"loadUserMapping","decl":{"start":{"line":17,"column":9},"end":{"line":17,"column":24}},"loc":{"start":{"line":17,"column":27},"end":{"line":32,"column":1}},"line":17},"1":{"name":"saveUserMapping","decl":{"start":{"line":37,"column":9},"end":{"line":37,"column":24}},"loc":{"start":{"line":37,"column":27},"end":{"line":44,"column":1}},"line":37},"2":{"name":"recordUser","decl":{"start":{"line":49,"column":9},"end":{"line":49,"column":19}},"loc":{"start":{"line":49,"column":38},"end":{"line":55,"column":1}},"line":49},"3":{"name":"getUsernameById","decl":{"start":{"line":60,"column":9},"end":{"line":60,"column":24}},"loc":{"start":{"line":60,"column":33},"end":{"line":62,"column":1}},"line":60},"4":{"name":"setupAutoSave","decl":{"start":{"line":67,"column":9},"end":{"line":67,"column":22}},"loc":{"start":{"line":67,"column":25},"end":{"line":72,"column":1}},"line":67},"5":{"name":"(anonymous_5)","decl":{"start":{"line":68,"column":14},"end":{"line":68,"column":15}},"loc":{"start":{"line":68,"column":20},"end":{"line":70,"column":3}},"line":68}},"branchMap":{"0":{"loc":{"start":{"line":19,"column":4},"end":{"line":26,"column":5}},"type":"if","locations":[{"start":{"line":19,"column":4},"end":{"line":26,"column":5}},{"start":{"line":23,"column":11},"end":{"line":26,"column":5}}],"line":19},"1":{"loc":{"start":{"line":50,"column":2},"end":{"line":50,"column":41}},"type":"if","locations":[{"start":{"line":50,"column":2},"end":{"line":50,"column":41}},{"start":{},"end":{}}],"line":50},"2":{"loc":{"start":{"line":50,"column":6},"end":{"line":50,"column":26}},"type":"binary-expr","locations":[{"start":{"line":50,"column":6},"end":{"line":50,"column":13}},{"start":{"line":50,"column":17},"end":{"line":50,"column":26}}],"line":50},"3":{"loc":{"start":{"line":61,"column":9},"end":{"line":61,"column":58}},"type":"binary-expr","locations":[{"start":{"line":61,"column":9},"end":{"line":61,"column":28}},{"start":{"line":61,"column":32},"end":{"line":61,"column":58}}],"line":61}},"s":{"0":1,"1":1,"2":1,"3":1,"4":1,"5":9,"6":9,"7":6,"8":5,"9":5,"10":3,"11":3,"12":1,"13":1,"14":9,"15":3,"16":3,"17":1,"18":2,"19":4,"20":2,"21":2,"22":2,"23":4,"24":1,"25":1,"26":1,"27":1,"28":1},"f":{"0":9,"1":3,"2":4,"3":4,"4":1,"5":1},"b":{"0":[6,3],"1":[2,2],"2":[4,3],"3":[4,1]},"_coverageSchema":"1a1c01bbd47fc00a2c39e90264f33305004495a9","hash":"8725b354669bcea376ff6c05e68cdbe42aad3a4a"}
,"/home/nomade/git/NomadeBot_TTV/data/static/knives.js": {"path":"/home/nomade/git/NomadeBot_TTV/data/static/knives.js","statementMap":{"0":{"start":{"line":2,"column":15},"end":{"line":362,"column":1}},"1":{"start":{"line":365,"column":16},"end":{"line":487,"column":1}},"2":{"start":{"line":491,"column":19},"end":{"line":512,"column":1}},"3":{"start":{"line":515,"column":19},"end":{"line":536,"column":1}},"4":{"start":{"line":539,"column":15},"end":{"line":560,"column":1}},"5":{"start":{"line":562,"column":0},"end":{"line":568,"column":2}}},"fnMap":{},"branchMap":{},"s":{"0":0,"1":0,"2":0,"3":0,"4":0,"5":0},"f":{},"b":{}}
,"/home/nomade/git/NomadeBot_TTV/data/static/rarities.js": {"path":"/home/nomade/git/NomadeBot_TTV/data/static/rarities.js","statementMap":{"0":{"start":{"line":2,"column":17},"end":{"line":43,"column":1}},"1":{"start":{"line":45,"column":0},"end":{"line":45,"column":26}}},"fnMap":{},"branchMap":{},"s":{"0":0,"1":0},"f":{},"b":{}}
,"/home/nomade/git/NomadeBot_TTV/utils/helpers.js": {"path":"/home/nomade/git/NomadeBot_TTV/utils/helpers.js","statementMap":{"0":{"start":{"line":10,"column":2},"end":{"line":12,"column":3}},"1":{"start":{"line":11,"column":4},"end":{"line":11,"column":16}},"2":{"start":{"line":13,"column":2},"end":{"line":13,"column":57}},"3":{"start":{"line":20,"column":2},"end":{"line":20,"column":59}},"4":{"start":{"line":28,"column":18},"end":{"line":28,"column":46}},"5":{"start":{"line":29,"column":18},"end":{"line":29,"column":53}},"6":{"start":{"line":30,"column":16},"end":{"line":30,"column":56}},"7":{"start":{"line":31,"column":15},"end":{"line":31,"column":53}},"8":{"start":{"line":33,"column":16},"end":{"line":33,"column":18}},"9":{"start":{"line":35,"column":2},"end":{"line":37,"column":3}},"10":{"start":{"line":36,"column":4},"end":{"line":36,"column":53}},"11":{"start":{"line":39,"column":2},"end":{"line":41,"column":3}},"12":{"start":{"line":40,"column":4},"end":{"line":40,"column":56}},"13":{"start":{"line":43,"column":2},"end":{"line":45,"column":3}},"14":{"start":{"line":44,"column":4},"end":{"line":44,"column":61}},"15":{"start":{"line":47,"column":2},"end":{"line":49,"column":3}},"16":{"start":{"line":48,"column":4},"end":{"line":48,"column":62}},"17":{"start":{"line":51,"column":2},"end":{"line":53,"column":3}},"18":{"start":{"line":52,"column":4},"end":{"line":52,"column":34}},"19":{"start":{"line":55,"column":2},"end":{"line":57,"column":3}},"20":{"start":{"line":56,"column":4},"end":{"line":56,"column":20}},"21":{"start":{"line":59,"column":19},"end":{"line":59,"column":30}},"22":{"start":{"line":60,"column":2},"end":{"line":60,"column":46}},"23":{"start":{"line":67,"column":14},"end":{"line":67,"column":24}},"24":{"start":{"line":68,"column":20},"end":{"line":68,"column":36}},"25":{"start":{"line":70,"column":2},"end":{"line":72,"column":3}},"26":{"start":{"line":71,"column":4},"end":{"line":71,"column":24}},"27":{"start":{"line":74,"column":2},"end":{"line":74,"column":35}},"28":{"start":{"line":81,"column":2},"end":{"line":81,"column":62}},"29":{"start":{"line":88,"column":2},"end":{"line":90,"column":3}},"30":{"start":{"line":89,"column":4},"end":{"line":89,"column":15}},"31":{"start":{"line":91,"column":2},"end":{"line":91,"column":45}},"32":{"start":{"line":98,"column":17},"end":{"line":98,"column":27}},"33":{"start":{"line":99,"column":2},"end":{"line":102,"column":3}},"34":{"start":{"line":99,"column":15},"end":{"line":99,"column":32}},"35":{"start":{"line":100,"column":14},"end":{"line":100,"column":49}},"36":{"start":{"line":101,"column":4},"end":{"line":101,"column":52}},"37":{"start":{"line":103,"column":2},"end":{"line":103,"column":16}},"38":{"start":{"line":111,"column":2},"end":{"line":111,"column":57}},"39":{"start":{"line":111,"column":32},"end":{"line":111,"column":55}},"40":{"start":{"line":119,"column":2},"end":{"line":124,"column":5}},"41":{"start":{"line":122,"column":6},"end":{"line":122,"column":59}},"42":{"start":{"line":122,"column":23},"end":{"line":122,"column":54}},"43":{"start":{"line":131,"column":2},"end":{"line":136,"column":3}},"44":{"start":{"line":132,"column":4},"end":{"line":132,"column":20}},"45":{"start":{"line":133,"column":4},"end":{"line":133,"column":16}},"46":{"start":{"line":135,"column":4},"end":{"line":135,"column":17}},"47":{"start":{"line":139,"column":0},"end":{"line":150,"column":2}}},"fnMap":{"0":{"name":"randomFromArray","decl":{"start":{"line":9,"column":9},"end":{"line":9,"column":24}},"loc":{"start":{"line":9,"column":32},"end":{"line":14,"column":1}},"line":9},"1":{"name":"randomBetween","decl":{"start":{"line":19,"column":9},"end":{"line":19,"column":22}},"loc":{"start":{"line":19,"column":33},"end":{"line":21,"column":1}},"line":19},"2":{"name":"formatDuration","decl":{"start":{"line":27,"column":9},"end":{"line":27,"column":23}},"loc":{"start":{"line":27,"column":28},"end":{"line":61,"column":1}},"line":27},"3":{"name":"formatTimeRemaining","decl":{"start":{"line":66,"column":9},"end":{"line":66,"column":28}},"loc":{"start":{"line":66,"column":41},"end":{"line":75,"column":1}},"line":66},"4":{"name":"formatNumber","decl":{"start":{"line":80,"column":9},"end":{"line":80,"column":21}},"loc":{"start":{"line":80,"column":27},"end":{"line":82,"column":1}},"line":80},"5":{"name":"truncateString","decl":{"start":{"line":87,"column":9},"end":{"line":87,"column":23}},"loc":{"start":{"line":87,"column":40},"end":{"line":92,"column":1}},"line":87},"6":{"name":"shuffleArray","decl":{"start":{"line":97,"column":9},"end":{"line":97,"column":21}},"loc":{"start":{"line":97,"column":29},"end":{"line":104,"column":1}},"line":97},"7":{"name":"sleep","decl":{"start":{"line":110,"column":9},"end":{"line":110,"column":14}},"loc":{"start":{"line":110,"column":19},"end":{"line":112,"column":1}},"line":110},"8":{"name":"(anonymous_8)","decl":{"start":{"line":111,"column":21},"end":{"line":111,"column":22}},"loc":{"start":{"line":111,"column":32},"end":{"line":111,"column":55}},"line":111},"9":{"name":"timeout","decl":{"start":{"line":118,"column":9},"end":{"line":118,"column":16}},"loc":{"start":{"line":118,"column":73},"end":{"line":125,"column":1}},"line":118},"10":{"name":"(anonymous_10)","decl":{"start":{"line":121,"column":16},"end":{"line":121,"column":17}},"loc":{"start":{"line":122,"column":6},"end":{"line":122,"column":59}},"line":122},"11":{"name":"(anonymous_11)","decl":{"start":{"line":122,"column":17},"end":{"line":122,"column":18}},"loc":{"start":{"line":122,"column":23},"end":{"line":122,"column":54}},"line":122},"12":{"name":"isValidJson","decl":{"start":{"line":130,"column":9},"end":{"line":130,"column":20}},"loc":{"start":{"line":130,"column":26},"end":{"line":137,"column":1}},"line":130}},"branchMap":{"0":{"loc":{"start":{"line":10,"column":2},"end":{"line":12,"column":3}},"type":"if","locations":[{"start":{"line":10,"column":2},"end":{"line":12,"column":3}},{"start":{},"end":{}}],"line":10},"1":{"loc":{"start":{"line":10,"column":6},"end":{"line":10,"column":49}},"type":"binary-expr","locations":[{"start":{"line":10,"column":6},"end":{"line":10,"column":27}},{"start":{"line":10,"column":31},"end":{"line":10,"column":49}}],"line":10},"2":{"loc":{"start":{"line":35,"column":2},"end":{"line":37,"column":3}},"type":"if","locations":[{"start":{"line":35,"column":2},"end":{"line":37,"column":3}},{"start":{},"end":{}}],"line":35},"3":{"loc":{"start":{"line":36,"column":30},"end":{"line":36,"column":49}},"type":"cond-expr","locations":[{"start":{"line":36,"column":41},"end":{"line":36,"column":44}},{"start":{"line":36,"column":47},"end":{"line":36,"column":49}}],"line":36},"4":{"loc":{"start":{"line":39,"column":2},"end":{"line":41,"column":3}},"type":"if","locations":[{"start":{"line":39,"column":2},"end":{"line":41,"column":3}},{"start":{},"end":{}}],"line":39},"5":{"loc":{"start":{"line":40,"column":32},"end":{"line":40,"column":52}},"type":"cond-expr","locations":[{"start":{"line":40,"column":44},"end":{"line":40,"column":47}},{"start":{"line":40,"column":50},"end":{"line":40,"column":52}}],"line":40},"6":{"loc":{"start":{"line":43,"column":2},"end":{"line":45,"column":3}},"type":"if","locations":[{"start":{"line":43,"column":2},"end":{"line":45,"column":3}},{"start":{},"end":{}}],"line":43},"7":{"loc":{"start":{"line":44,"column":35},"end":{"line":44,"column":57}},"type":"cond-expr","locations":[{"start":{"line":44,"column":49},"end":{"line":44,"column":52}},{"start":{"line":44,"column":55},"end":{"line":44,"column":57}}],"line":44},"8":{"loc":{"start":{"line":47,"column":2},"end":{"line":49,"column":3}},"type":"if","locations":[{"start":{"line":47,"column":2},"end":{"line":49,"column":3}},{"start":{},"end":{}}],"line":47},"9":{"loc":{"start":{"line":47,"column":6},"end":{"line":47,"column":31}},"type":"binary-expr","locations":[{"start":{"line":47,"column":6},"end":{"line":47,"column":17}},{"start":{"line":47,"column":21},"end":{"line":47,"column":31}}],"line":47},"10":{"loc":{"start":{"line":48,"column":36},"end":{"line":48,"column":58}},"type":"cond-expr","locations":[{"start":{"line":48,"column":50},"end":{"line":48,"column":53}},{"start":{"line":48,"column":56},"end":{"line":48,"column":58}}],"line":48},"11":{"loc":{"start":{"line":51,"column":2},"end":{"line":53,"column":3}},"type":"if","locations":[{"start":{"line":51,"column":2},"end":{"line":53,"column":3}},{"start":{},"end":{}}],"line":51},"12":{"loc":{"start":{"line":55,"column":2},"end":{"line":57,"column":3}},"type":"if","locations":[{"start":{"line":55,"column":2},"end":{"line":57,"column":3}},{"start":{},"end":{}}],"line":55},"13":{"loc":{"start":{"line":70,"column":2},"end":{"line":72,"column":3}},"type":"if","locations":[{"start":{"line":70,"column":2},"end":{"line":72,"column":3}},{"start":{},"end":{}}],"line":70},"14":{"loc":{"start":{"line":88,"column":2},"end":{"line":90,"column":3}},"type":"if","locations":[{"start":{"line":88,"column":2},"end":{"line":90,"column":3}},{"start":{},"end":{}}],"line":88},"15":{"loc":{"start":{"line":88,"column":6},"end":{"line":88,"column":37}},"type":"binary-expr","locations":[{"start":{"line":88,"column":6},"end":{"line":88,"column":10}},{"start":{"line":88,"column":14},"end":{"line":88,"column":37}}],"line":88},"16":{"loc":{"start":{"line":118,"column":30},"end":{"line":118,"column":71}},"type":"default-arg","locations":[{"start":{"line":118,"column":45},"end":{"line":118,"column":71}}],"line":118}},"s":{"0":7,"1":5,"2":2,"3":102,"4":14,"5":14,"6":14,"7":14,"8":14,"9":14,"10":4,"11":14,"12":3,"13":14,"14":5,"15":14,"16":4,"17":14,"18":2,"19":12,"20":9,"21":3,"22":3,"23":0,"24":0,"25":0,"26":0,"27":0,"28":0,"29":6,"30":5,"31":1,"32":0,"33":0,"34":0,"35":0,"36":0,"37":0,"38":0,"39":0,"40":0,"41":0,"42":0,"43":10,"44":10,"45":6,"46":4,"47":1},"f":{"0":7,"1":102,"2":14,"3":0,"4":0,"5":6,"6":0,"7":0,"8":0,"9":0,"10":0,"11":0,"12":10},"b":{"0":[5,2],"1":[7,3],"2":[4,10],"3":[1,3],"4":[3,11],"5":[1,2],"6":[5,9],"7":[1,4],"8":[4,10],"9":[14,5],"10":[2,2],"11":[2,12],"12":[9,3],"13":[0,0],"14":[5,1],"15":[6,3],"16":[0]},"_coverageSchema":"1a1c01bbd47fc00a2c39e90264f33305004495a9","hash":"89b9d109ff31ae0f7e45e6dcd09c4411b56ee7c7"}
,"/home/nomade/git/NomadeBot_TTV/utils/logger.js": {"path":"/home/nomade/git/NomadeBot_TTV/utils/logger.js","statementMap":{"0":{"start":{"line":7,"column":15},"end":{"line":12,"column":1}},"1":{"start":{"line":15,"column":21},"end":{"line":15,"column":88}},"2":{"start":{"line":21,"column":20},"end":{"line":21,"column":44}},"3":{"start":{"line":22,"column":2},"end":{"line":22,"column":48}},"4":{"start":{"line":29,"column":2},"end":{"line":31,"column":3}},"5":{"start":{"line":30,"column":4},"end":{"line":30,"column":58}},"6":{"start":{"line":38,"column":2},"end":{"line":40,"column":3}},"7":{"start":{"line":39,"column":4},"end":{"line":39,"column":56}},"8":{"start":{"line":47,"column":2},"end":{"line":49,"column":3}},"9":{"start":{"line":48,"column":4},"end":{"line":48,"column":55}},"10":{"start":{"line":56,"column":2},"end":{"line":58,"column":3}},"11":{"start":{"line":57,"column":4},"end":{"line":57,"column":56}},"12":{"start":{"line":61,"column":0},"end":{"line":67,"column":2}}},"fnMap":{"0":{"name":"formatMessage","decl":{"start":{"line":20,"column":9},"end":{"line":20,"column":22}},"loc":{"start":{"line":20,"column":39},"end":{"line":23,"column":1}},"line":20},"1":{"name":"error","decl":{"start":{"line":28,"column":9},"end":{"line":28,"column":14}},"loc":{"start":{"line":28,"column":24},"end":{"line":32,"column":1}},"line":28},"2":{"name":"warn","decl":{"start":{"line":37,"column":9},"end":{"line":37,"column":13}},"loc":{"start":{"line":37,"column":23},"end":{"line":41,"column":1}},"line":37},"3":{"name":"info","decl":{"start":{"line":46,"column":9},"end":{"line":46,"column":13}},"loc":{"start":{"line":46,"column":23},"end":{"line":50,"column":1}},"line":46},"4":{"name":"debug","decl":{"start":{"line":55,"column":9},"end":{"line":55,"column":14}},"loc":{"start":{"line":55,"column":24},"end":{"line":59,"column":1}},"line":55}},"branchMap":{"0":{"loc":{"start":{"line":15,"column":21},"end":{"line":15,"column":88}},"type":"cond-expr","locations":[{"start":{"line":15,"column":62},"end":{"line":15,"column":74}},{"start":{"line":15,"column":77},"end":{"line":15,"column":88}}],"line":15},"1":{"loc":{"start":{"line":29,"column":2},"end":{"line":31,"column":3}},"type":"if","locations":[{"start":{"line":29,"column":2},"end":{"line":31,"column":3}},{"start":{},"end":{}}],"line":29},"2":{"loc":{"start":{"line":38,"column":2},"end":{"line":40,"column":3}},"type":"if","locations":[{"start":{"line":38,"column":2},"end":{"line":40,"column":3}},{"start":{},"end":{}}],"line":38},"3":{"loc":{"start":{"line":47,"column":2},"end":{"line":49,"column":3}},"type":"if","locations":[{"start":{"line":47,"column":2},"end":{"line":49,"column":3}},{"start":{},"end":{}}],"line":47},"4":{"loc":{"start":{"line":56,"column":2},"end":{"line":58,"column":3}},"type":"if","locations":[{"start":{"line":56,"column":2},"end":{"line":58,"column":3}},{"start":{},"end":{}}],"line":56}},"s":{"0":2,"1":2,"2":5,"3":5,"4":1,"5":1,"6":1,"7":1,"8":3,"9":3,"10":4,"11":0,"12":2},"f":{"0":5,"1":1,"2":1,"3":3,"4":4},"b":{"0":[0,2],"1":[1,0],"2":[1,0],"3":[3,0],"4":[0,4]},"_coverageSchema":"1a1c01bbd47fc00a2c39e90264f33305004495a9","hash":"4f457bdd6b12adc8d4963ab80fe6e7e028b94561"}
,"/home/nomade/git/NomadeBot_TTV/utils/messageQueue.js": {"path":"/home/nomade/git/NomadeBot_TTV/utils/messageQueue.js","statementMap":{"0":{"start":{"line":5,"column":15},"end":{"line":5,"column":34}},"1":{"start":{"line":8,"column":31},"end":{"line":8,"column":35}},"2":{"start":{"line":11,"column":21},"end":{"line":11,"column":23}},"3":{"start":{"line":12,"column":19},"end":{"line":12,"column":24}},"4":{"start":{"line":18,"column":2},"end":{"line":18,"column":50}},"5":{"start":{"line":19,"column":2},"end":{"line":19,"column":65}},"6":{"start":{"line":21,"column":2},"end":{"line":23,"column":3}},"7":{"start":{"line":22,"column":4},"end":{"line":22,"column":19}},"8":{"start":{"line":30,"column":2},"end":{"line":33,"column":3}},"9":{"start":{"line":31,"column":4},"end":{"line":31,"column":25}},"10":{"start":{"line":32,"column":4},"end":{"line":32,"column":11}},"11":{"start":{"line":35,"column":2},"end":{"line":35,"column":22}},"12":{"start":{"line":36,"column":39},"end":{"line":36,"column":59}},"13":{"start":{"line":38,"column":2},"end":{"line":48,"column":3}},"14":{"start":{"line":39,"column":4},"end":{"line":45,"column":9}},"15":{"start":{"line":41,"column":8},"end":{"line":41,"column":51}},"16":{"start":{"line":44,"column":8},"end":{"line":44,"column":76}},"17":{"start":{"line":47,"column":4},"end":{"line":47,"column":75}},"18":{"start":{"line":51,"column":2},"end":{"line":51,"column":51}},"19":{"start":{"line":54,"column":0},"end":{"line":56,"column":2}}},"fnMap":{"0":{"name":"enqueue","decl":{"start":{"line":17,"column":9},"end":{"line":17,"column":16}},"loc":{"start":{"line":17,"column":43},"end":{"line":24,"column":1}},"line":17},"1":{"name":"processQueue","decl":{"start":{"line":29,"column":9},"end":{"line":29,"column":21}},"loc":{"start":{"line":29,"column":24},"end":{"line":52,"column":1}},"line":29},"2":{"name":"(anonymous_2)","decl":{"start":{"line":40,"column":12},"end":{"line":40,"column":13}},"loc":{"start":{"line":40,"column":18},"end":{"line":42,"column":7}},"line":40},"3":{"name":"(anonymous_3)","decl":{"start":{"line":43,"column":13},"end":{"line":43,"column":14}},"loc":{"start":{"line":43,"column":22},"end":{"line":45,"column":7}},"line":43}},"branchMap":{"0":{"loc":{"start":{"line":21,"column":2},"end":{"line":23,"column":3}},"type":"if","locations":[{"start":{"line":21,"column":2},"end":{"line":23,"column":3}},{"start":{},"end":{}}],"line":21},"1":{"loc":{"start":{"line":30,"column":2},"end":{"line":33,"column":3}},"type":"if","locations":[{"start":{"line":30,"column":2},"end":{"line":33,"column":3}},{"start":{},"end":{}}],"line":30}},"s":{"0":5,"1":5,"2":5,"3":5,"4":6,"5":6,"6":6,"7":1,"8":1,"9":0,"10":0,"11":1,"12":1,"13":1,"14":1,"15":1,"16":0,"17":0,"18":1,"19":5},"f":{"0":6,"1":1,"2":1,"3":0},"b":{"0":[1,5],"1":[0,1]},"_coverageSchema":"1a1c01bbd47fc00a2c39e90264f33305004495a9","hash":"c086270fec87b926fdf4f5eb00142119493e4e33"}
}
