TN:
SF:index.js
FN:42,(anonymous_0)
FN:43,(anonymous_1)
FN:46,(anonymous_2)
FN:51,(anonymous_3)
FN:58,(anonymous_4)
FN:76,(anonymous_5)
FN:81,(anonymous_6)
FN:91,(anonymous_7)
FN:95,(anonymous_8)
FNF:9
FNH:2
FNDA:1,(anonymous_0)
FNDA:0,(anonymous_1)
FNDA:0,(anonymous_2)
FNDA:0,(anonymous_3)
FNDA:2,(anonymous_4)
FNDA:0,(anonymous_5)
FNDA:0,(anonymous_6)
FNDA:0,(anonymous_7)
FNDA:0,(anonymous_8)
DA:5,1
DA:6,1
DA:7,1
DA:9,1
DA:10,1
DA:11,1
DA:12,1
DA:13,1
DA:14,1
DA:17,1
DA:18,1
DA:19,3
DA:20,0
DA:21,0
DA:26,1
DA:40,1
DA:42,1
DA:43,0
DA:46,1
DA:47,0
DA:48,0
DA:51,0
DA:52,0
DA:53,0
DA:58,1
DA:60,2
DA:61,1
DA:62,1
DA:66,1
DA:69,1
DA:70,1
DA:71,1
DA:76,1
DA:77,0
DA:81,1
DA:82,0
DA:86,1
DA:87,1
DA:88,1
DA:91,1
DA:92,0
DA:95,1
DA:96,0
DA:99,1
LF:44
LH:32
BRDA:19,0,0,0
BRDA:19,0,1,3
BRDA:60,1,0,1
BRDA:60,1,1,1
BRDA:60,2,0,2
BRDA:60,2,1,1
BRDA:69,3,0,1
BRDA:69,3,1,0
BRF:8
BRH:6
end_of_record
TN:
SF:commands/basic.js
FN:10,help
FN:21,hello
FN:32,dice
FN:44,info
FNF:4
FNH:4
FNDA:1,help
FNDA:1,hello
FNDA:1,dice
FNDA:1,info
DA:4,1
DA:5,1
DA:11,1
DA:22,1
DA:33,1
DA:34,1
DA:45,1
DA:52,1
LF:8
LH:8
BRF:0
BRH:0
end_of_record
TN:
SF:commands/gift.js
FN:12,giftSkin
FN:93,(anonymous_1)
FNF:2
FNH:0
FNDA:0,giftSkin
FNDA:0,(anonymous_1)
DA:4,0
DA:5,0
DA:6,0
DA:7,0
DA:14,0
DA:15,0
DA:19,0
DA:23,0
DA:26,0
DA:27,0
DA:28,0
DA:32,0
DA:35,0
DA:36,0
DA:39,0
DA:40,0
DA:44,0
DA:47,0
DA:48,0
DA:52,0
DA:56,0
DA:58,0
DA:59,0
DA:63,0
DA:67,0
DA:68,0
DA:72,0
DA:76,0
DA:78,0
DA:79,0
DA:83,0
DA:87,0
DA:90,0
DA:93,0
DA:96,0
DA:102,0
LF:36
LH:0
BRDA:14,0,0,0
BRDA:14,0,1,0
BRDA:27,1,0,0
BRDA:27,1,1,0
BRDA:27,2,0,0
BRDA:27,2,1,0
BRDA:39,3,0,0
BRDA:39,3,1,0
BRDA:39,4,0,0
BRDA:39,4,1,0
BRDA:47,5,0,0
BRDA:47,5,1,0
BRDA:58,6,0,0
BRDA:58,6,1,0
BRDA:67,7,0,0
BRDA:67,7,1,0
BRDA:78,8,0,0
BRDA:78,8,1,0
BRF:18
BRH:0
end_of_record
TN:
SF:commands/index.js
FN:37,processCommand
FNF:1
FNH:1
FNDA:8,processCommand
DA:5,1
DA:6,1
DA:7,1
DA:8,1
DA:11,1
DA:38,8
DA:41,8
DA:42,1
DA:46,7
DA:47,7
DA:48,7
DA:51,7
DA:52,7
DA:53,6
DA:54,6
DA:56,1
DA:57,1
DA:62,1
LF:18
LH:18
BRDA:41,0,0,1
BRDA:41,0,1,7
BRDA:47,1,0,0
BRDA:47,1,1,7
BRDA:52,2,0,6
BRDA:52,2,1,1
BRF:6
BRH:5
end_of_record
TN:
SF:commands/inventory.js
FN:12,showInventory
FN:45,(anonymous_1)
FN:46,(anonymous_2)
FN:61,searchInventory
FN:85,(anonymous_4)
FN:99,(anonymous_5)
FN:100,(anonymous_6)
FNF:7
FNH:0
FNDA:0,showInventory
FNDA:0,(anonymous_1)
FNDA:0,(anonymous_2)
FNDA:0,searchInventory
FNDA:0,(anonymous_4)
FNDA:0,(anonymous_5)
FNDA:0,(anonymous_6)
DA:4,0
DA:5,0
DA:6,0
DA:7,0
DA:13,0
DA:14,0
DA:16,0
DA:17,0
DA:21,0
DA:25,0
DA:26,0
DA:27,0
DA:28,0
DA:29,0
DA:33,0
DA:34,0
DA:37,0
DA:38,0
DA:41,0
DA:42,0
DA:45,0
DA:46,0
DA:47,0
DA:50,0
DA:52,0
DA:62,0
DA:63,0
DA:67,0
DA:70,0
DA:71,0
DA:73,0
DA:74,0
DA:78,0
DA:82,0
DA:85,0
DA:86,0
DA:89,0
DA:90,0
DA:94,0
DA:98,0
DA:99,0
DA:100,0
DA:101,0
DA:104,0
DA:105,0
DA:109,0
DA:115,0
LF:47
LH:0
BRDA:16,0,0,0
BRDA:16,0,1,0
BRDA:16,1,0,0
BRDA:16,1,1,0
BRDA:26,2,0,0
BRDA:26,2,1,0
BRDA:28,3,0,0
BRDA:28,3,1,0
BRDA:28,4,0,0
BRDA:28,4,1,0
BRDA:37,5,0,0
BRDA:37,5,1,0
BRDA:50,6,0,0
BRDA:50,6,1,0
BRDA:62,7,0,0
BRDA:62,7,1,0
BRDA:73,8,0,0
BRDA:73,8,1,0
BRDA:73,9,0,0
BRDA:73,9,1,0
BRDA:89,10,0,0
BRDA:89,10,1,0
BRDA:105,11,0,0
BRDA:105,11,1,0
BRF:24
BRH:0
end_of_record
TN:
SF:commands/knife.js
FN:18,openCase
FN:81,(anonymous_1)
FNF:2
FNH:0
FNDA:0,openCase
FNDA:0,(anonymous_1)
DA:4,1
DA:5,1
DA:6,1
DA:7,1
DA:9,1
DA:10,1
DA:13,1
DA:19,0
DA:22,0
DA:23,0
DA:27,0
DA:31,0
DA:32,0
DA:33,0
DA:37,0
DA:41,0
DA:44,0
DA:45,0
DA:46,0
DA:48,0
DA:49,0
DA:50,0
DA:51,0
DA:52,0
DA:57,0
DA:58,0
DA:59,0
DA:60,0
DA:61,0
DA:65,0
DA:68,0
DA:76,0
DA:79,0
DA:80,0
DA:81,0
DA:82,0
DA:87,0
DA:93,1
LF:38
LH:8
BRDA:22,0,0,0
BRDA:22,0,1,0
BRDA:31,1,0,0
BRDA:31,1,1,0
BRDA:50,2,0,0
BRDA:50,2,1,0
BRDA:58,3,0,0
BRDA:58,3,1,0
BRDA:58,4,0,0
BRDA:58,4,1,0
BRDA:79,5,0,0
BRDA:79,5,1,0
BRF:12
BRH:0
end_of_record
TN:
SF:commands/stats.js
FN:12,showStats
FN:28,(anonymous_1)
FN:29,(anonymous_2)
FN:30,(anonymous_3)
FN:34,(anonymous_4)
FN:38,(anonymous_5)
FN:40,(anonymous_6)
FN:46,(anonymous_7)
FN:47,(anonymous_8)
FN:59,showLeaderboard
FN:69,(anonymous_10)
FN:70,(anonymous_11)
FN:71,(anonymous_12)
FN:78,(anonymous_13)
FN:92,(anonymous_14)
FN:96,(anonymous_15)
FN:111,showChances
FN:112,(anonymous_17)
FNF:18
FNH:0
FNDA:0,showStats
FNDA:0,(anonymous_1)
FNDA:0,(anonymous_2)
FNDA:0,(anonymous_3)
FNDA:0,(anonymous_4)
FNDA:0,(anonymous_5)
FNDA:0,(anonymous_6)
FNDA:0,(anonymous_7)
FNDA:0,(anonymous_8)
FNDA:0,showLeaderboard
FNDA:0,(anonymous_10)
FNDA:0,(anonymous_11)
FNDA:0,(anonymous_12)
FNDA:0,(anonymous_13)
FNDA:0,(anonymous_14)
FNDA:0,(anonymous_15)
FNDA:0,showChances
FNDA:0,(anonymous_17)
DA:4,0
DA:5,0
DA:6,0
DA:7,0
DA:13,0
DA:14,0
DA:16,0
DA:17,0
DA:21,0
DA:25,0
DA:28,0
DA:29,0
DA:30,0
DA:31,0
DA:34,0
DA:37,0
DA:38,0
DA:39,0
DA:40,0
DA:45,0
DA:46,0
DA:47,0
DA:50,0
DA:60,0
DA:63,0
DA:66,0
DA:67,0
DA:69,0
DA:70,0
DA:71,0
DA:72,0
DA:75,0
DA:78,0
DA:83,0
DA:84,0
DA:88,0
DA:92,0
DA:95,0
DA:96,0
DA:97,0
DA:98,0
DA:99,0
DA:102,0
DA:112,0
DA:113,0
DA:116,0
DA:122,0
LF:47
LH:0
BRDA:16,0,0,0
BRDA:16,0,1,0
BRDA:16,1,0,0
BRDA:16,1,1,0
BRDA:67,2,0,0
BRDA:67,2,1,0
BRDA:67,3,0,0
BRDA:67,3,1,0
BRDA:83,4,0,0
BRDA:83,4,1,0
BRF:10
BRH:0
end_of_record
TN:
SF:config/config.js
FNF:0
FNH:0
DA:6,6
LF:1
LH:1
BRF:0
BRH:0
end_of_record
TN:
SF:config/messages.js
FN:31,(anonymous_0)
FN:32,(anonymous_1)
FN:33,(anonymous_2)
FN:34,(anonymous_3)
FN:35,(anonymous_4)
FN:40,(anonymous_5)
FN:41,(anonymous_6)
FN:42,(anonymous_7)
FN:47,startPeriodicMessages
FN:51,sendMessage
FNF:10
FNH:0
FNDA:0,(anonymous_0)
FNDA:0,(anonymous_1)
FNDA:0,(anonymous_2)
FNDA:0,(anonymous_3)
FNDA:0,(anonymous_4)
FNDA:0,(anonymous_5)
FNDA:0,(anonymous_6)
FNDA:0,(anonymous_7)
FNDA:0,startPeriodicMessages
FNDA:0,sendMessage
DA:6,1
DA:30,1
DA:31,0
DA:32,0
DA:33,0
DA:34,0
DA:35,0
DA:39,1
DA:40,0
DA:41,0
DA:43,0
DA:48,0
DA:49,0
DA:52,0
DA:53,0
DA:55,0
DA:60,0
DA:64,0
DA:67,1
LF:19
LH:4
BRF:0
BRH:0
end_of_record
TN:
SF:data/cooldowns.js
FN:17,loadCooldowns
FN:31,saveCooldowns
FN:42,isOnCooldown
FN:57,getRemainingTime
FN:73,setCooldown
FN:85,setupAutoSave
FN:86,(anonymous_6)
FNF:7
FNH:7
FNDA:11,loadCooldowns
FNDA:2,saveCooldowns
FNDA:4,isOnCooldown
FNDA:2,getRemainingTime
FNDA:1,setCooldown
FNDA:1,setupAutoSave
FNDA:1,(anonymous_6)
DA:4,1
DA:5,1
DA:6,1
DA:9,1
DA:12,1
DA:18,11
DA:19,11
DA:20,3
DA:21,3
DA:24,0
DA:32,2
DA:33,2
DA:35,0
DA:43,4
DA:44,1
DA:47,3
DA:48,3
DA:49,3
DA:51,3
DA:58,2
DA:59,0
DA:62,2
DA:63,2
DA:64,2
DA:66,2
DA:67,2
DA:74,1
DA:75,0
DA:78,1
DA:79,1
DA:86,1
DA:87,1
DA:89,1
DA:93,1
DA:99,1
LF:35
LH:31
BRDA:19,0,0,3
BRDA:19,0,1,8
BRDA:43,1,0,1
BRDA:43,1,1,3
BRDA:43,2,0,4
BRDA:43,2,1,3
BRDA:48,3,0,3
BRDA:48,3,1,0
BRDA:58,4,0,0
BRDA:58,4,1,2
BRDA:58,5,0,2
BRDA:58,5,1,2
BRDA:63,6,0,2
BRDA:63,6,1,0
BRDA:74,7,0,0
BRDA:74,7,1,1
BRF:16
BRH:12
end_of_record
TN:
SF:data/inventory.js
FN:17,loadInventories
FN:37,saveInventories
FN:49,addSkinToInventory
FN:63,getUserInventory
FN:70,removeSkinFromInventory
FN:81,setupAutoSave
FN:82,(anonymous_6)
FN:98,(anonymous_7)
FNF:8
FNH:4
FNDA:6,loadInventories
FNDA:2,saveInventories
FNDA:1,addSkinToInventory
FNDA:1,getUserInventory
FNDA:0,removeSkinFromInventory
FNDA:0,setupAutoSave
FNDA:0,(anonymous_6)
FNDA:0,(anonymous_7)
DA:4,1
DA:5,1
DA:6,1
DA:9,1
DA:12,1
DA:18,6
DA:19,6
DA:20,3
DA:21,2
DA:22,2
DA:24,3
DA:25,3
DA:28,1
DA:29,1
DA:31,6
DA:38,2
DA:39,2
DA:40,1
DA:42,1
DA:51,1
DA:52,1
DA:56,1
DA:57,1
DA:64,1
DA:71,0
DA:72,0
DA:75,0
DA:82,0
DA:83,0
DA:85,0
DA:89,1
DA:91,1
DA:98,0
LF:33
LH:26
BRDA:19,0,0,3
BRDA:19,0,1,3
BRDA:51,1,0,1
BRDA:51,1,1,0
BRDA:64,2,0,1
BRDA:64,2,1,0
BRDA:71,3,0,0
BRDA:71,3,1,0
BRDA:71,4,0,0
BRDA:71,4,1,0
BRDA:71,4,2,0
BRF:11
BRH:4
end_of_record
TN:
SF:data/users.js
FN:17,loadUserMapping
FN:37,saveUserMapping
FN:49,recordUser
FN:60,getUsernameById
FN:67,setupAutoSave
FN:68,(anonymous_5)
FNF:6
FNH:6
FNDA:9,loadUserMapping
FNDA:3,saveUserMapping
FNDA:4,recordUser
FNDA:4,getUsernameById
FNDA:1,setupAutoSave
FNDA:1,(anonymous_5)
DA:4,1
DA:5,1
DA:6,1
DA:9,1
DA:12,1
DA:18,9
DA:19,9
DA:20,6
DA:21,5
DA:22,5
DA:24,3
DA:25,3
DA:28,1
DA:29,1
DA:31,9
DA:38,3
DA:39,3
DA:40,1
DA:42,2
DA:50,4
DA:53,2
DA:54,2
DA:61,4
DA:68,1
DA:69,1
DA:71,1
DA:75,1
DA:77,1
LF:28
LH:28
BRDA:19,0,0,6
BRDA:19,0,1,3
BRDA:50,1,0,2
BRDA:50,1,1,2
BRDA:50,2,0,4
BRDA:50,2,1,3
BRDA:61,3,0,4
BRDA:61,3,1,1
BRF:8
BRH:8
end_of_record
TN:
SF:data/static/knives.js
FNF:0
FNH:0
DA:2,0
DA:365,0
DA:491,0
DA:515,0
DA:539,0
DA:562,0
LF:6
LH:0
BRF:0
BRH:0
end_of_record
TN:
SF:data/static/rarities.js
FNF:0
FNH:0
DA:2,0
DA:45,0
LF:2
LH:0
BRF:0
BRH:0
end_of_record
TN:
SF:utils/helpers.js
FN:9,randomFromArray
FN:19,randomBetween
FN:27,formatDuration
FN:66,formatTimeRemaining
FN:80,formatNumber
FN:87,truncateString
FN:97,shuffleArray
FN:110,sleep
FN:111,(anonymous_8)
FN:118,timeout
FN:121,(anonymous_10)
FN:122,(anonymous_11)
FN:130,isValidJson
FNF:13
FNH:5
FNDA:7,randomFromArray
FNDA:102,randomBetween
FNDA:14,formatDuration
FNDA:0,formatTimeRemaining
FNDA:0,formatNumber
FNDA:6,truncateString
FNDA:0,shuffleArray
FNDA:0,sleep
FNDA:0,(anonymous_8)
FNDA:0,timeout
FNDA:0,(anonymous_10)
FNDA:0,(anonymous_11)
FNDA:10,isValidJson
DA:10,7
DA:11,5
DA:13,2
DA:20,102
DA:28,14
DA:29,14
DA:30,14
DA:31,14
DA:33,14
DA:35,14
DA:36,4
DA:39,14
DA:40,3
DA:43,14
DA:44,5
DA:47,14
DA:48,4
DA:51,14
DA:52,2
DA:55,12
DA:56,9
DA:59,3
DA:60,3
DA:67,0
DA:68,0
DA:70,0
DA:71,0
DA:74,0
DA:81,0
DA:88,6
DA:89,5
DA:91,1
DA:98,0
DA:99,0
DA:100,0
DA:101,0
DA:103,0
DA:111,0
DA:119,0
DA:122,0
DA:131,10
DA:132,10
DA:133,6
DA:135,4
DA:139,1
LF:45
LH:31
BRDA:10,0,0,5
BRDA:10,0,1,2
BRDA:10,1,0,7
BRDA:10,1,1,3
BRDA:35,2,0,4
BRDA:35,2,1,10
BRDA:36,3,0,1
BRDA:36,3,1,3
BRDA:39,4,0,3
BRDA:39,4,1,11
BRDA:40,5,0,1
BRDA:40,5,1,2
BRDA:43,6,0,5
BRDA:43,6,1,9
BRDA:44,7,0,1
BRDA:44,7,1,4
BRDA:47,8,0,4
BRDA:47,8,1,10
BRDA:47,9,0,14
BRDA:47,9,1,5
BRDA:48,10,0,2
BRDA:48,10,1,2
BRDA:51,11,0,2
BRDA:51,11,1,12
BRDA:55,12,0,9
BRDA:55,12,1,3
BRDA:70,13,0,0
BRDA:70,13,1,0
BRDA:88,14,0,5
BRDA:88,14,1,1
BRDA:88,15,0,6
BRDA:88,15,1,3
BRDA:118,16,0,0
BRF:33
BRH:30
end_of_record
TN:
SF:utils/logger.js
FN:20,formatMessage
FN:28,error
FN:37,warn
FN:46,info
FN:55,debug
FNF:5
FNH:5
FNDA:5,formatMessage
FNDA:1,error
FNDA:1,warn
FNDA:3,info
FNDA:4,debug
DA:7,2
DA:15,2
DA:21,5
DA:22,5
DA:29,1
DA:30,1
DA:38,1
DA:39,1
DA:47,3
DA:48,3
DA:56,4
DA:57,0
DA:61,2
LF:13
LH:12
BRDA:15,0,0,0
BRDA:15,0,1,2
BRDA:29,1,0,1
BRDA:29,1,1,0
BRDA:38,2,0,1
BRDA:38,2,1,0
BRDA:47,3,0,3
BRDA:47,3,1,0
BRDA:56,4,0,0
BRDA:56,4,1,4
BRF:10
BRH:5
end_of_record
TN:
SF:utils/messageQueue.js
FN:17,enqueue
FN:29,processQueue
FN:40,(anonymous_2)
FN:43,(anonymous_3)
FNF:4
FNH:3
FNDA:6,enqueue
FNDA:1,processQueue
FNDA:1,(anonymous_2)
FNDA:0,(anonymous_3)
DA:5,5
DA:8,5
DA:11,5
DA:12,5
DA:18,6
DA:19,6
DA:21,6
DA:22,1
DA:30,1
DA:31,0
DA:32,0
DA:35,1
DA:36,1
DA:38,1
DA:39,1
DA:41,1
DA:44,0
DA:47,0
DA:51,1
DA:54,5
LF:20
LH:16
BRDA:21,0,0,1
BRDA:21,0,1,5
BRDA:30,1,0,0
BRDA:30,1,1,1
BRF:4
BRH:3
end_of_record
